Epoch 1/200

[1m1/7[0m [32mâ”â”[0m[37mâ”â”â”â”â”â”â”â”â”â”â”â”â”â”â”â”â”â”[0m [1m10s[0m 2s/step - accuracy: 0.4000 - loss: 1.7727
[1m3/7[0m [32mâ”â”â”â”â”â”â”â”[0m[37mâ”â”â”â”â”â”â”â”â”â”â”â”[0m [1m0s[0m 0s/step - accuracy: 0.3222 - loss: 1.7727 
[1m2/7[0m [32mâ”â”â”â”â”[0m[37mâ”â”â”â”â”â”â”â”â”â”â”â”â”â”â”[0m [1m0s[0m 0s/step - accuracy: 0.3500 - loss: 1.7851
[1m7/7[0m [32mâ”â”â”â”â”â”â”â”â”â”â”â”â”â”â”â”â”â”â”â”[0m[37m[0m [1m2s[0m 7ms/step - accuracy: 0.2442 - loss: 1.8003
Epoch 2/200

[1m1/7[0m [32mâ”â”[0m[37mâ”â”â”â”â”â”â”â”â”â”â”â”â”â”â”â”â”â”[0m [1m0s[0m 34ms/step - accuracy: 0.0000e+00 - loss: 1.8446
[1m2/7[0m [32mâ”â”â”â”â”[0m[37mâ”â”â”â”â”â”â”â”â”â”â”â”â”â”â”[0m [1m0s[0m 0s/step - accuracy: 0.1000 - loss: 1.8446      
[1m7/7[0m [32mâ”â”â”â”â”â”â”â”â”â”â”â”â”â”â”â”â”â”â”â”[0m[37m[0m [1m0s[0m 3ms/step - accuracy: 0.2073 - loss: 1.7926
Epoch 3/200

[1m1/7[0m [32mâ”â”[0m[37mâ”â”â”â”â”â”â”â”â”â”â”â”â”â”â”â”â”â”[0m [1m0s[0m 50ms/step - accuracy: 0.4000 - loss: 1.8572
[1m7/7[0m [32mâ”â”â”â”â”â”â”â”â”â”â”â”â”â”â”â”â”â”â”â”[0m[37m[0m [1m0s[0m 0s/step - accuracy: 0.3495 - loss: 1.8011  
Epoch 4/200

[1m1/7[0m [32mâ”â”[0m[37mâ”â”â”â”â”â”â”â”â”â”â”â”â”â”â”â”â”â”[0m [1m0s[0m 33ms/step - accuracy: 0.2000 - loss: 1.7651
[1m2/7[0m [32mâ”â”â”â”â”[0m[37mâ”â”â”â”â”â”â”â”â”â”â”â”â”â”â”[0m [1m0s[0m 0s/step - accuracy: 0.1500 - loss: 1.7851  
[1m7/7[0m [32mâ”â”â”â”â”â”â”â”â”â”â”â”â”â”â”â”â”â”â”â”[0m[37m[0m [1m0s[0m 3ms/step - accuracy: 0.1744 - loss: 1.7681
Epoch 5/200

[1m1/7[0m [32mâ”â”[0m[37mâ”â”â”â”â”â”â”â”â”â”â”â”â”â”â”â”â”â”[0m [1m0s[0m 33ms/step - accuracy: 0.6000 - loss: 1.4883
[1m7/7[0m [32mâ”â”â”â”â”â”â”â”â”â”â”â”â”â”â”â”â”â”â”â”[0m[37m[0m [1m0s[0m 3ms/step - accuracy: 0.4316 - loss: 1.5751 
Epoch 6/200

[1m1/7[0m [32mâ”â”[0m[37mâ”â”â”â”â”â”â”â”â”â”â”â”â”â”â”â”â”â”[0m [1m0s[0m 49ms/step - accuracy: 0.2000 - loss: 1.5694
[1m2/7[0m [32mâ”â”â”â”â”[0m[37mâ”â”â”â”â”â”â”â”â”â”â”â”â”â”â”[0m [1m0s[0m 0s/step - accuracy: 0.2000 - loss: 1.5951  
[1m7/7[0m [32mâ”â”â”â”â”â”â”â”â”â”â”â”â”â”â”â”â”â”â”â”[0m[37m[0m [1m0s[0m 0s/step - accuracy: 0.2365 - loss: 1.5708
Epoch 7/200

[1m1/7[0m [32mâ”â”[0m[37mâ”â”â”â”â”â”â”â”â”â”â”â”â”â”â”â”â”â”[0m [1m0s[0m 34ms/step - accuracy: 0.2000 - loss: 1.6706
[1m2/7[0m [32mâ”â”â”â”â”[0m[37mâ”â”â”â”â”â”â”â”â”â”â”â”â”â”â”[0m [1m0s[0m 0s/step - accuracy: 0.2500 - loss: 1.6021  
[1m7/7[0m [32mâ”â”â”â”â”â”â”â”â”â”â”â”â”â”â”â”â”â”â”â”[0m[37m[0m [1m0s[0m 3ms/step - accuracy: 0.3509 - loss: 1.4974
Epoch 8/200

[1m1/7[0m [32mâ”â”[0m[37mâ”â”â”â”â”â”â”â”â”â”â”â”â”â”â”â”â”â”[0m [1m0s[0m 33ms/step - accuracy: 0.4000 - loss: 1.3663
[1m2/7[0m [32mâ”â”â”â”â”[0m[37mâ”â”â”â”â”â”â”â”â”â”â”â”â”â”â”[0m [1m0s[0m 14ms/step - accuracy: 0.4000 - loss: 1.3879
[1m7/7[0m [32mâ”â”â”â”â”â”â”â”â”â”â”â”â”â”â”â”â”â”â”â”[0m[37m[0m [1m0s[0m 6ms/step - accuracy: 0.4631 - loss: 1.4393 
Epoch 9/200

[1m1/7[0m [32mâ”â”[0m[37mâ”â”â”â”â”â”â”â”â”â”â”â”â”â”â”â”â”â”[0m [1m0s[0m 45ms/step - accuracy: 0.4000 - loss: 1.5185
[1m3/7[0m [32mâ”â”â”â”â”â”â”â”[0m[37mâ”â”â”â”â”â”â”â”â”â”â”â”[0m [1m0s[0m 0s/step - accuracy: 0.4444 - loss: 1.5227  
[1m4/7[0m [32mâ”â”â”â”â”â”â”â”â”â”â”[0m[37mâ”â”â”â”â”â”â”â”â”[0m [1m0s[0m 0s/step - accuracy: 0.4389 - loss: 1.5269
[1m2/7[0m [32mâ”â”â”â”â”[0m[37mâ”â”â”â”â”â”â”â”â”â”â”â”â”â”â”[0m [1m0s[0m 0s/step - accuracy: 0.4083 - loss: 1.5269
[1m7/7[0m [32mâ”â”â”â”â”â”â”â”â”â”â”â”â”â”â”â”â”â”â”â”[0m[37m[0m [1m0s[0m 3ms/step - accuracy: 0.4759 - loss: 1.5038
Epoch 10/200

[1m1/7[0m [32mâ”â”[0m[37mâ”â”â”â”â”â”â”â”â”â”â”â”â”â”â”â”â”â”[0m [1m0s[0m 47ms/step - accuracy: 0.6000 - loss: 1.4239
[1m2/7[0m [32mâ”â”â”â”â”[0m[37mâ”â”â”â”â”â”â”â”â”â”â”â”â”â”â”[0m [1m0s[0m 0s/step - accuracy: 0.6000 - loss: 1.4426  
[1m3/7[0m [32mâ”â”â”â”â”â”â”â”[0m[37mâ”â”â”â”â”â”â”â”â”â”â”â”[0m [1m0s[0m 0s/step - accuracy: 0.6222 - loss: 1.4426  
[1m7/7[0m [32mâ”â”â”â”â”â”â”â”â”â”â”â”â”â”â”â”â”â”â”â”[0m[37m[0m [1m0s[0m 3ms/step - accuracy: 0.6207 - loss: 1.4321
Epoch 11/200

[1m1/7[0m [32mâ”â”[0m[37mâ”â”â”â”â”â”â”â”â”â”â”â”â”â”â”â”â”â”[0m [1m0s[0m 31ms/step - accuracy: 0.6000 - loss: 1.4644
[1m2/7[0m [32mâ”â”â”â”â”[0m[37mâ”â”â”â”â”â”â”â”â”â”â”â”â”â”â”[0m [1m0s[0m 0s/step - accuracy: 0.5500 - loss: 1.4351  
[1m7/7[0m [32mâ”â”â”â”â”â”â”â”â”â”â”â”â”â”â”â”â”â”â”â”[0m[37m[0m [1m0s[0m 3ms/step - accuracy: 0.5594 - loss: 1.3651
Epoch 12/200

[1m1/7[0m [32mâ”â”[0m[37mâ”â”â”â”â”â”â”â”â”â”â”â”â”â”â”â”â”â”[0m [1m0s[0m 47ms/step - accuracy: 0.6000 - loss: 1.3875
[1m2/7[0m [32mâ”â”â”â”â”[0m[37mâ”â”â”â”â”â”â”â”â”â”â”â”â”â”â”[0m [1m0s[0m 0s/step - accuracy: 0.5000 - loss: 1.3851  
[1m7/7[0m [32mâ”â”â”â”â”â”â”â”â”â”â”â”â”â”â”â”â”â”â”â”[0m[37m[0m [1m0s[0m 3ms/step - accuracy: 0.5699 - loss: 1.3019
Epoch 13/200

[1m1/7[0m [32mâ”â”[0m[37mâ”â”â”â”â”â”â”â”â”â”â”â”â”â”â”â”â”â”[0m [1m0s[0m 126ms/step - accuracy: 0.4000 - loss: 1.3805
[1m7/7[0m [32mâ”â”â”â”â”â”â”â”â”â”â”â”â”â”â”â”â”â”â”â”[0m[37m[0m [1m0s[0m 5ms/step - accuracy: 0.5725 - loss: 1.2135  
Epoch 14/200

[1m1/7[0m [32mâ”â”[0m[37mâ”â”â”â”â”â”â”â”â”â”â”â”â”â”â”â”â”â”[0m [1m0s[0m 87ms/step - accuracy: 1.0000 - loss: 1.1135
[1m7/7[0m [32mâ”â”â”â”â”â”â”â”â”â”â”â”â”â”â”â”â”â”â”â”[0m[37m[0m [1m0s[0m 3ms/step - accuracy: 0.8365 - loss: 0.9813 
Epoch 15/200

[1m1/7[0m [32mâ”â”[0m[37mâ”â”â”â”â”â”â”â”â”â”â”â”â”â”â”â”â”â”[0m [1m0s[0m 63ms/step - accuracy: 0.6000 - loss: 1.2176
[1m2/7[0m [32mâ”â”â”â”â”[0m[37mâ”â”â”â”â”â”â”â”â”â”â”â”â”â”â”[0m [1m0s[0m 0s/step - accuracy: 0.6000 - loss: 1.2672  
[1m3/7[0m [32mâ”â”â”â”â”â”â”â”[0m[37mâ”â”â”â”â”â”â”â”â”â”â”â”[0m [1m0s[0m 0s/step - accuracy: 0.6000 - loss: 1.2638
[1m7/7[0m [32mâ”â”â”â”â”â”â”â”â”â”â”â”â”â”â”â”â”â”â”â”[0m[37m[0m [1m0s[0m 0s/step - accuracy: 0.6082 - loss: 1.2116
Epoch 16/200

[1m1/7[0m [32mâ”â”[0m[37mâ”â”â”â”â”â”â”â”â”â”â”â”â”â”â”â”â”â”[0m [1m0s[0m 31ms/step - accuracy: 0.6000 - loss: 0.9453
[1m7/7[0m [32mâ”â”â”â”â”â”â”â”â”â”â”â”â”â”â”â”â”â”â”â”[0m[37m[0m [1m0s[0m 3ms/step - accuracy: 0.6466 - loss: 0.9479 
Epoch 17/200

[1m2/7[0m [32mâ”â”â”â”â”[0m[37mâ”â”â”â”â”â”â”â”â”â”â”â”â”â”â”[0m [1m0s[0m 0s/step - accuracy: 0.7000 - loss: 0.8248
[1m3/7[0m [32mâ”â”â”â”â”â”â”â”[0m[37mâ”â”â”â”â”â”â”â”â”â”â”â”[0m [1m0s[0m 0s/step - accuracy: 0.7556 - loss: 0.7928
[1m1/7[0m [32mâ”â”[0m[37mâ”â”â”â”â”â”â”â”â”â”â”â”â”â”â”â”â”â”[0m [1m0s[0m 31ms/step - accuracy: 0.6000 - loss: 0.8248
[1m7/7[0m [32mâ”â”â”â”â”â”â”â”â”â”â”â”â”â”â”â”â”â”â”â”[0m[37m[0m [1m0s[0m 3ms/step - accuracy: 0.8022 - loss: 0.8074 
Epoch 18/200

[1m1/7[0m [32mâ”â”[0m[37mâ”â”â”â”â”â”â”â”â”â”â”â”â”â”â”â”â”â”[0m [1m0s[0m 31ms/step - accuracy: 1.0000 - loss: 0.4018
[1m2/7[0m [32mâ”â”â”â”â”[0m[37mâ”â”â”â”â”â”â”â”â”â”â”â”â”â”â”[0m [1m0s[0m 0s/step - accuracy: 0.9500 - loss: 0.4823  
[1m7/7[0m [32mâ”â”â”â”â”â”â”â”â”â”â”â”â”â”â”â”â”â”â”â”[0m[37m[0m [1m0s[0m 3ms/step - accuracy: 0.7912 - loss: 0.7137
Epoch 19/200

[1m1/7[0m [32mâ”â”[0m[37mâ”â”â”â”â”â”â”â”â”â”â”â”â”â”â”â”â”â”[0m [1m0s[0m 31ms/step - accuracy: 1.0000 - loss: 0.5834
[1m2/7[0m [32mâ”â”â”â”â”[0m[37mâ”â”â”â”â”â”â”â”â”â”â”â”â”â”â”[0m [1m0s[0m 16ms/step - accuracy: 0.9500 - loss: 0.6778
[1m7/7[0m [32mâ”â”â”â”â”â”â”â”â”â”â”â”â”â”â”â”â”â”â”â”[0m[37m[0m [1m0s[0m 3ms/step - accuracy: 0.7862 - loss: 0.8022 
Epoch 20/200

[1m1/7[0m [32mâ”â”[0m[37mâ”â”â”â”â”â”â”â”â”â”â”â”â”â”â”â”â”â”[0m [1m0s[0m 47ms/step - accuracy: 1.0000 - loss: 0.5719
[1m3/7[0m [32mâ”â”â”â”â”â”â”â”[0m[37mâ”â”â”â”â”â”â”â”â”â”â”â”[0m [1m0s[0m 0s/step - accuracy: 0.9222 - loss: 0.5681  
[1m2/7[0m [32mâ”â”â”â”â”[0m[37mâ”â”â”â”â”â”â”â”â”â”â”â”â”â”â”[0m [1m0s[0m 0s/step - accuracy: 0.9500 - loss: 0.5681
[1m4/7[0m [32mâ”â”â”â”â”â”â”â”â”â”â”[0m[37mâ”â”â”â”â”â”â”â”â”[0m [1m0s[0m 0s/step - accuracy: 0.9167 - loss: 0.5935
[1m7/7[0m [32mâ”â”â”â”â”â”â”â”â”â”â”â”â”â”â”â”â”â”â”â”[0m[37m[0m [1m0s[0m 0s/step - accuracy: 0.8944 - loss: 0.6192
Epoch 21/200

[1m2/7[0m [32mâ”â”â”â”â”[0m[37mâ”â”â”â”â”â”â”â”â”â”â”â”â”â”â”[0m [1m0s[0m 0s/step - accuracy: 0.5500 - loss: 1.0075
[1m1/7[0m [32mâ”â”[0m[37mâ”â”â”â”â”â”â”â”â”â”â”â”â”â”â”â”â”â”[0m [1m0s[0m 31ms/step - accuracy: 0.6000 - loss: 1.0075
[1m7/7[0m [32mâ”â”â”â”â”â”â”â”â”â”â”â”â”â”â”â”â”â”â”â”[0m[37m[0m [1m0s[0m 3ms/step - accuracy: 0.6030 - loss: 0.9826 
Epoch 22/200

[1m1/7[0m [32mâ”â”[0m[37mâ”â”â”â”â”â”â”â”â”â”â”â”â”â”â”â”â”â”[0m [1m0s[0m 31ms/step - accuracy: 0.6000 - loss: 1.0045
[1m3/7[0m [32mâ”â”â”â”â”â”â”â”[0m[37mâ”â”â”â”â”â”â”â”â”â”â”â”[0m [1m0s[0m 0s/step - accuracy: 0.6444 - loss: 0.8437  
[1m4/7[0m [32mâ”â”â”â”â”â”â”â”â”â”â”[0m[37mâ”â”â”â”â”â”â”â”â”[0m [1m0s[0m 0s/step - accuracy: 0.6458 - loss: 0.8437  
[1m5/7[0m [32mâ”â”â”â”â”â”â”â”â”â”â”â”â”â”[0m[37mâ”â”â”â”â”â”[0m [1m0s[0m 0s/step - accuracy: 0.6607 - loss: 0.7971
[1m2/7[0m [32mâ”â”â”â”â”[0m[37mâ”â”â”â”â”â”â”â”â”â”â”â”â”â”â”[0m [1m0s[0m 16ms/step - accuracy: 0.6339 - loss: 0.8437
[1m7/7[0m [32mâ”â”â”â”â”â”â”â”â”â”â”â”â”â”â”â”â”â”â”â”[0m[37m[0m [1m0s[0m 3ms/step - accuracy: 0.6797 - loss: 0.7997 
Epoch 23/200

[1m1/7[0m [32mâ”â”[0m[37mâ”â”â”â”â”â”â”â”â”â”â”â”â”â”â”â”â”â”[0m [1m0s[0m 31ms/step - accuracy: 1.0000 - loss: 0.4981
[1m2/7[0m [32mâ”â”â”â”â”[0m[37mâ”â”â”â”â”â”â”â”â”â”â”â”â”â”â”[0m [1m0s[0m 0s/step - accuracy: 0.9500 - loss: 0.4981
[1m7/7[0m [32mâ”â”â”â”â”â”â”â”â”â”â”â”â”â”â”â”â”â”â”â”[0m[37m[0m [1m0s[0m 3ms/step - accuracy: 0.8394 - loss: 0.5757
Epoch 24/200

[1m1/7[0m [32mâ”â”[0m[37mâ”â”â”â”â”â”â”â”â”â”â”â”â”â”â”â”â”â”[0m [1m0s[0m 31ms/step - accuracy: 1.0000 - loss: 0.4446
[1m2/7[0m [32mâ”â”â”â”â”[0m[37mâ”â”â”â”â”â”â”â”â”â”â”â”â”â”â”[0m [1m0s[0m 0s/step - accuracy: 0.9000 - loss: 0.4969  
[1m3/7[0m [32mâ”â”â”â”â”â”â”â”[0m[37mâ”â”â”â”â”â”â”â”â”â”â”â”[0m [1m0s[0m 8ms/step - accuracy: 0.8889 - loss: 0.5222
[1m7/7[0m [32mâ”â”â”â”â”â”â”â”â”â”â”â”â”â”â”â”â”â”â”â”[0m[37m[0m [1m0s[0m 3ms/step - accuracy: 0.8462 - loss: 0.5494
Epoch 25/200

[1m1/7[0m [32mâ”â”[0m[37mâ”â”â”â”â”â”â”â”â”â”â”â”â”â”â”â”â”â”[0m [1m0s[0m 47ms/step - accuracy: 1.0000 - loss: 0.3567
[1m2/7[0m [32mâ”â”â”â”â”[0m[37mâ”â”â”â”â”â”â”â”â”â”â”â”â”â”â”[0m [1m0s[0m 0s/step - accuracy: 0.9000 - loss: 0.4211  
[1m7/7[0m [32mâ”â”â”â”â”â”â”â”â”â”â”â”â”â”â”â”â”â”â”â”[0m[37m[0m [1m0s[0m 3ms/step - accuracy: 0.8379 - loss: 0.5672
Epoch 26/200

[1m2/7[0m [32mâ”â”â”â”â”[0m[37mâ”â”â”â”â”â”â”â”â”â”â”â”â”â”â”[0m [1m0s[0m 0s/step - accuracy: 0.7500 - loss: 0.5935
[1m3/7[0m [32mâ”â”â”â”â”â”â”â”[0m[37mâ”â”â”â”â”â”â”â”â”â”â”â”[0m [1m0s[0m 0s/step - accuracy: 0.7667 - loss: 0.6218
[1m1/7[0m [32mâ”â”[0m[37mâ”â”â”â”â”â”â”â”â”â”â”â”â”â”â”â”â”â”[0m [1m0s[0m 31ms/step - accuracy: 0.8000 - loss: 0.5935
[1m4/7[0m [32mâ”â”â”â”â”â”â”â”â”â”â”[0m[37mâ”â”â”â”â”â”â”â”â”[0m [1m0s[0m 0s/step - accuracy: 0.7750 - loss: 0.6421
[1m5/7[0m [32mâ”â”â”â”â”â”â”â”â”â”â”â”â”â”[0m[37mâ”â”â”â”â”â”[0m [1m0s[0m 0s/step - accuracy: 0.7800 - loss: 0.6497
[1m7/7[0m [32mâ”â”â”â”â”â”â”â”â”â”â”â”â”â”â”â”â”â”â”â”[0m[37m[0m [1m0s[0m 3ms/step - accuracy: 0.7647 - loss: 0.6554
Epoch 27/200

[1m1/7[0m [32mâ”â”[0m[37mâ”â”â”â”â”â”â”â”â”â”â”â”â”â”â”â”â”â”[0m [1m0s[0m 31ms/step - accuracy: 0.6000 - loss: 0.5079
[1m7/7[0m [32mâ”â”â”â”â”â”â”â”â”â”â”â”â”â”â”â”â”â”â”â”[0m[37m[0m [1m0s[0m 3ms/step - accuracy: 0.6880 - loss: 0.5902 
Epoch 28/200

[1m1/7[0m [32mâ”â”[0m[37mâ”â”â”â”â”â”â”â”â”â”â”â”â”â”â”â”â”â”[0m [1m0s[0m 31ms/step - accuracy: 1.0000 - loss: 0.2149
[1m2/7[0m [32mâ”â”â”â”â”[0m[37mâ”â”â”â”â”â”â”â”â”â”â”â”â”â”â”[0m [1m0s[0m 0s/step - accuracy: 0.9500 - loss: 0.2149
[1m3/7[0m [32mâ”â”â”â”â”â”â”â”[0m[37mâ”â”â”â”â”â”â”â”â”â”â”â”[0m [1m0s[0m 8ms/step - accuracy: 0.9000 - loss: 0.2811 
[1m7/7[0m [32mâ”â”â”â”â”â”â”â”â”â”â”â”â”â”â”â”â”â”â”â”[0m[37m[0m [1m0s[0m 3ms/step - accuracy: 0.8574 - loss: 0.3982
Epoch 29/200

[1m1/7[0m [32mâ”â”[0m[37mâ”â”â”â”â”â”â”â”â”â”â”â”â”â”â”â”â”â”[0m [1m0s[0m 47ms/step - accuracy: 1.0000 - loss: 0.5426
[1m7/7[0m [32mâ”â”â”â”â”â”â”â”â”â”â”â”â”â”â”â”â”â”â”â”[0m[37m[0m [1m0s[0m 0s/step - accuracy: 0.8834 - loss: 0.4425  
Epoch 30/200

[1m3/7[0m [32mâ”â”â”â”â”â”â”â”[0m[37mâ”â”â”â”â”â”â”â”â”â”â”â”[0m [1m0s[0m 8ms/step - accuracy: 0.9444 - loss: 0.4684
[1m1/7[0m [32mâ”â”[0m[37mâ”â”â”â”â”â”â”â”â”â”â”â”â”â”â”â”â”â”[0m [1m0s[0m 31ms/step - accuracy: 1.0000 - loss: 0.4774
[1m2/7[0m [32mâ”â”â”â”â”[0m[37mâ”â”â”â”â”â”â”â”â”â”â”â”â”â”â”[0m [1m0s[0m 16ms/step - accuracy: 0.9500 - loss: 0.4684
[1m7/7[0m [32mâ”â”â”â”â”â”â”â”â”â”â”â”â”â”â”â”â”â”â”â”[0m[37m[0m [1m0s[0m 3ms/step - accuracy: 0.9311 - loss: 0.5004 
Epoch 31/200

[1m1/7[0m [32mâ”â”[0m[37mâ”â”â”â”â”â”â”â”â”â”â”â”â”â”â”â”â”â”[0m [1m0s[0m 47ms/step - accuracy: 1.0000 - loss: 0.2818
[1m2/7[0m [32mâ”â”â”â”â”[0m[37mâ”â”â”â”â”â”â”â”â”â”â”â”â”â”â”[0m [1m0s[0m 0s/step - accuracy: 0.9500 - loss: 0.2973  
[1m7/7[0m [32mâ”â”â”â”â”â”â”â”â”â”â”â”â”â”â”â”â”â”â”â”[0m[37m[0m [1m0s[0m 0s/step - accuracy: 0.8793 - loss: 0.3703
Epoch 32/200

[1m1/7[0m [32mâ”â”[0m[37mâ”â”â”â”â”â”â”â”â”â”â”â”â”â”â”â”â”â”[0m [1m0s[0m 31ms/step - accuracy: 0.8000 - loss: 0.4565
[1m2/7[0m [32mâ”â”â”â”â”[0m[37mâ”â”â”â”â”â”â”â”â”â”â”â”â”â”â”[0m [1m0s[0m 0s/step - accuracy: 0.8500 - loss: 0.4554  
[1m4/7[0m [32mâ”â”â”â”â”â”â”â”â”â”â”[0m[37mâ”â”â”â”â”â”â”â”â”[0m [1m0s[0m 0s/step - accuracy: 0.8667 - loss: 0.4642
[1m5/7[0m [32mâ”â”â”â”â”â”â”â”â”â”â”â”â”â”[0m[37mâ”â”â”â”â”â”[0m [1m0s[0m 0s/step - accuracy: 0.8773 - loss: 0.4554
[1m3/7[0m [32mâ”â”â”â”â”â”â”â”[0m[37mâ”â”â”â”â”â”â”â”â”â”â”â”[0m [1m0s[0m 0s/step - accuracy: 0.8556 - loss: 0.4726
[1m7/7[0m [32mâ”â”â”â”â”â”â”â”â”â”â”â”â”â”â”â”â”â”â”â”[0m[37m[0m [1m0s[0m 3ms/step - accuracy: 0.8989 - loss: 0.4303
Epoch 33/200

[1m1/7[0m [32mâ”â”[0m[37mâ”â”â”â”â”â”â”â”â”â”â”â”â”â”â”â”â”â”[0m [1m0s[0m 31ms/step - accuracy: 1.0000 - loss: 0.4456
[1m3/7[0m [32mâ”â”â”â”â”â”â”â”[0m[37mâ”â”â”â”â”â”â”â”â”â”â”â”[0m [1m0s[0m 0s/step - accuracy: 0.9222 - loss: 0.4527  
[1m2/7[0m [32mâ”â”â”â”â”[0m[37mâ”â”â”â”â”â”â”â”â”â”â”â”â”â”â”[0m [1m0s[0m 0s/step - accuracy: 0.9500 - loss: 0.4527
[1m7/7[0m [32mâ”â”â”â”â”â”â”â”â”â”â”â”â”â”â”â”â”â”â”â”[0m[37m[0m [1m0s[0m 3ms/step - accuracy: 0.8882 - loss: 0.4611
Epoch 34/200

[1m1/7[0m [32mâ”â”[0m[37mâ”â”â”â”â”â”â”â”â”â”â”â”â”â”â”â”â”â”[0m [1m0s[0m 58ms/step - accuracy: 0.8000 - loss: 0.2008
[1m2/7[0m [32mâ”â”â”â”â”[0m[37mâ”â”â”â”â”â”â”â”â”â”â”â”â”â”â”[0m [1m0s[0m 0s/step - accuracy: 0.8000 - loss: 0.2903  
[1m7/7[0m [32mâ”â”â”â”â”â”â”â”â”â”â”â”â”â”â”â”â”â”â”â”[0m[37m[0m [1m0s[0m 3ms/step - accuracy: 0.7062 - loss: 0.5064
Epoch 35/200

[1m1/7[0m [32mâ”â”[0m[37mâ”â”â”â”â”â”â”â”â”â”â”â”â”â”â”â”â”â”[0m [1m0s[0m 47ms/step - accuracy: 0.6000 - loss: 0.6016
[1m7/7[0m [32mâ”â”â”â”â”â”â”â”â”â”â”â”â”â”â”â”â”â”â”â”[0m[37m[0m [1m0s[0m 3ms/step - accuracy: 0.8171 - loss: 0.3937 
Epoch 36/200

[1m1/7[0m [32mâ”â”[0m[37mâ”â”â”â”â”â”â”â”â”â”â”â”â”â”â”â”â”â”[0m [1m0s[0m 63ms/step - accuracy: 0.6000 - loss: 0.3882
[1m2/7[0m [32mâ”â”â”â”â”[0m[37mâ”â”â”â”â”â”â”â”â”â”â”â”â”â”â”[0m [1m0s[0m 0s/step - accuracy: 0.7000 - loss: 0.3882  
[1m4/7[0m [32mâ”â”â”â”â”â”â”â”â”â”â”[0m[37mâ”â”â”â”â”â”â”â”â”[0m [1m0s[0m 0s/step - accuracy: 0.7625 - loss: 0.3651  
[1m3/7[0m [32mâ”â”â”â”â”â”â”â”[0m[37mâ”â”â”â”â”â”â”â”â”â”â”â”[0m [1m0s[0m 0s/step - accuracy: 0.7333 - loss: 0.3882
[1m5/7[0m [32mâ”â”â”â”â”â”â”â”â”â”â”â”â”â”[0m[37mâ”â”â”â”â”â”[0m [1m0s[0m 0s/step - accuracy: 0.7860 - loss: 0.3582
[1m7/7[0m [32mâ”â”â”â”â”â”â”â”â”â”â”â”â”â”â”â”â”â”â”â”[0m[37m[0m [1m0s[0m 3ms/step - accuracy: 0.8296 - loss: 0.3470
Epoch 37/200

[1m1/7[0m [32mâ”â”[0m[37mâ”â”â”â”â”â”â”â”â”â”â”â”â”â”â”â”â”â”[0m [1m0s[0m 31ms/step - accuracy: 0.8000 - loss: 0.4549
[1m2/7[0m [32mâ”â”â”â”â”[0m[37mâ”â”â”â”â”â”â”â”â”â”â”â”â”â”â”[0m [1m0s[0m 0s/step - accuracy: 0.7500 - loss: 0.4549  
[1m3/7[0m [32mâ”â”â”â”â”â”â”â”[0m[37mâ”â”â”â”â”â”â”â”â”â”â”â”[0m [1m0s[0m 8ms/step - accuracy: 0.7667 - loss: 0.4511
[1m4/7[0m [32mâ”â”â”â”â”â”â”â”â”â”â”[0m[37mâ”â”â”â”â”â”â”â”â”[0m [1m0s[0m 5ms/step - accuracy: 0.7750 - loss: 0.4511
[1m7/7[0m [32mâ”â”â”â”â”â”â”â”â”â”â”â”â”â”â”â”â”â”â”â”[0m[37m[0m [1m0s[0m 3ms/step - accuracy: 0.8186 - loss: 0.4076
Epoch 38/200

[1m3/7[0m [32mâ”â”â”â”â”â”â”â”[0m[37mâ”â”â”â”â”â”â”â”â”â”â”â”[0m [1m0s[0m 8ms/step - accuracy: 0.9444 - loss: 0.4973
[1m1/7[0m [32mâ”â”[0m[37mâ”â”â”â”â”â”â”â”â”â”â”â”â”â”â”â”â”â”[0m [1m0s[0m 47ms/step - accuracy: 1.0000 - loss: 0.5684
[1m2/7[0m [32mâ”â”â”â”â”[0m[37mâ”â”â”â”â”â”â”â”â”â”â”â”â”â”â”[0m [1m0s[0m 16ms/step - accuracy: 0.9500 - loss: 0.4973
[1m7/7[0m [32mâ”â”â”â”â”â”â”â”â”â”â”â”â”â”â”â”â”â”â”â”[0m[37m[0m [1m0s[0m 3ms/step - accuracy: 0.9150 - loss: 0.4774 
Epoch 39/200

[1m1/7[0m [32mâ”â”[0m[37mâ”â”â”â”â”â”â”â”â”â”â”â”â”â”â”â”â”â”[0m [1m0s[0m 53ms/step - accuracy: 1.0000 - loss: 0.0512
[1m2/7[0m [32mâ”â”â”â”â”[0m[37mâ”â”â”â”â”â”â”â”â”â”â”â”â”â”â”[0m [1m0s[0m 0s/step - accuracy: 0.9000 - loss: 0.1813
[1m7/7[0m [32mâ”â”â”â”â”â”â”â”â”â”â”â”â”â”â”â”â”â”â”â”[0m[37m[0m [1m0s[0m 3ms/step - accuracy: 0.8991 - loss: 0.2159
Epoch 40/200

[1m1/7[0m [32mâ”â”[0m[37mâ”â”â”â”â”â”â”â”â”â”â”â”â”â”â”â”â”â”[0m [1m0s[0m 47ms/step - accuracy: 1.0000 - loss: 0.3487
[1m2/7[0m [32mâ”â”â”â”â”[0m[37mâ”â”â”â”â”â”â”â”â”â”â”â”â”â”â”[0m [1m0s[0m 0s/step - accuracy: 1.0000 - loss: 0.2741  
[1m3/7[0m [32mâ”â”â”â”â”â”â”â”[0m[37mâ”â”â”â”â”â”â”â”â”â”â”â”[0m [1m0s[0m 0s/step - accuracy: 1.0000 - loss: 0.2578
[1m7/7[0m [32mâ”â”â”â”â”â”â”â”â”â”â”â”â”â”â”â”â”â”â”â”[0m[37m[0m [1m0s[0m 3ms/step - accuracy: 0.9530 - loss: 0.2778
Epoch 41/200

[1m2/7[0m [32mâ”â”â”â”â”[0m[37mâ”â”â”â”â”â”â”â”â”â”â”â”â”â”â”[0m [1m0s[0m 0s/step - accuracy: 0.7000 - loss: 0.4401
[1m1/7[0m [32mâ”â”[0m[37mâ”â”â”â”â”â”â”â”â”â”â”â”â”â”â”â”â”â”[0m [1m0s[0m 31ms/step - accuracy: 0.6000 - loss: 0.3733
[1m7/7[0m [32mâ”â”â”â”â”â”â”â”â”â”â”â”â”â”â”â”â”â”â”â”[0m[37m[0m [1m0s[0m 3ms/step - accuracy: 0.8614 - loss: 0.2823 
Epoch 42/200

[1m2/7[0m [32mâ”â”â”â”â”[0m[37mâ”â”â”â”â”â”â”â”â”â”â”â”â”â”â”[0m [1m0s[0m 0s/step - accuracy: 0.8000 - loss: 0.4701
[1m1/7[0m [32mâ”â”[0m[37mâ”â”â”â”â”â”â”â”â”â”â”â”â”â”â”â”â”â”[0m [1m0s[0m 31ms/step - accuracy: 0.8000 - loss: 0.4504
[1m3/7[0m [32mâ”â”â”â”â”â”â”â”[0m[37mâ”â”â”â”â”â”â”â”â”â”â”â”[0m [1m0s[0m 0s/step - accuracy: 0.7778 - loss: 0.4566  
[1m4/7[0m [32mâ”â”â”â”â”â”â”â”â”â”â”[0m[37mâ”â”â”â”â”â”â”â”â”[0m [1m0s[0m 5ms/step - accuracy: 0.7833 - loss: 0.4161
[1m7/7[0m [32mâ”â”â”â”â”â”â”â”â”â”â”â”â”â”â”â”â”â”â”â”[0m[37m[0m [1m0s[0m 3ms/step - accuracy: 0.8320 - loss: 0.3958
Epoch 43/200

[1m1/7[0m [32mâ”â”[0m[37mâ”â”â”â”â”â”â”â”â”â”â”â”â”â”â”â”â”â”[0m [1m0s[0m 31ms/step - accuracy: 1.0000 - loss: 0.1888
[1m2/7[0m [32mâ”â”â”â”â”[0m[37mâ”â”â”â”â”â”â”â”â”â”â”â”â”â”â”[0m [1m0s[0m 0s/step - accuracy: 1.0000 - loss: 0.1828  
[1m7/7[0m [32mâ”â”â”â”â”â”â”â”â”â”â”â”â”â”â”â”â”â”â”â”[0m[37m[0m [1m0s[0m 3ms/step - accuracy: 0.9828 - loss: 0.2037
Epoch 44/200

[1m1/7[0m [32mâ”â”[0m[37mâ”â”â”â”â”â”â”â”â”â”â”â”â”â”â”â”â”â”[0m [1m0s[0m 62ms/step - accuracy: 1.0000 - loss: 0.1807
[1m2/7[0m [32mâ”â”â”â”â”[0m[37mâ”â”â”â”â”â”â”â”â”â”â”â”â”â”â”[0m [1m0s[0m 0s/step - accuracy: 0.9000 - loss: 0.3515  
[1m3/7[0m [32mâ”â”â”â”â”â”â”â”[0m[37mâ”â”â”â”â”â”â”â”â”â”â”â”[0m [1m0s[0m 0s/step - accuracy: 0.8889 - loss: 0.3515
[1m4/7[0m [32mâ”â”â”â”â”â”â”â”â”â”â”[0m[37mâ”â”â”â”â”â”â”â”â”[0m [1m0s[0m 0s/step - accuracy: 0.8917 - loss: 0.3766
[1m7/7[0m [32mâ”â”â”â”â”â”â”â”â”â”â”â”â”â”â”â”â”â”â”â”[0m[37m[0m [1m0s[0m 3ms/step - accuracy: 0.8647 - loss: 0.3995
Epoch 45/200

[1m1/7[0m [32mâ”â”[0m[37mâ”â”â”â”â”â”â”â”â”â”â”â”â”â”â”â”â”â”[0m [1m0s[0m 47ms/step - accuracy: 1.0000 - loss: 0.1941
[1m3/7[0m [32mâ”â”â”â”â”â”â”â”[0m[37mâ”â”â”â”â”â”â”â”â”â”â”â”[0m [1m0s[0m 0s/step - accuracy: 1.0000 - loss: 0.1718  
[1m2/7[0m [32mâ”â”â”â”â”[0m[37mâ”â”â”â”â”â”â”â”â”â”â”â”â”â”â”[0m [1m0s[0m 0s/step - accuracy: 1.0000 - loss: 0.1718
[1m7/7[0m [32mâ”â”â”â”â”â”â”â”â”â”â”â”â”â”â”â”â”â”â”â”[0m[37m[0m [1m0s[0m 3ms/step - accuracy: 0.9476 - loss: 0.1857
Epoch 46/200

[1m1/7[0m [32mâ”â”[0m[37mâ”â”â”â”â”â”â”â”â”â”â”â”â”â”â”â”â”â”[0m [1m0s[0m 47ms/step - accuracy: 1.0000 - loss: 0.1237
[1m2/7[0m [32mâ”â”â”â”â”[0m[37mâ”â”â”â”â”â”â”â”â”â”â”â”â”â”â”[0m [1m0s[0m 0s/step - accuracy: 0.9500 - loss: 0.2183  
[1m4/7[0m [32mâ”â”â”â”â”â”â”â”â”â”â”[0m[37mâ”â”â”â”â”â”â”â”â”[0m [1m0s[0m 0s/step - accuracy: 0.9458 - loss: 0.2183
[1m3/7[0m [32mâ”â”â”â”â”â”â”â”[0m[37mâ”â”â”â”â”â”â”â”â”â”â”â”[0m [1m0s[0m 0s/step - accuracy: 0.9444 - loss: 0.2060
[1m7/7[0m [32mâ”â”â”â”â”â”â”â”â”â”â”â”â”â”â”â”â”â”â”â”[0m[37m[0m [1m0s[0m 3ms/step - accuracy: 0.9557 - loss: 0.2159
Epoch 47/200

[1m1/7[0m [32mâ”â”[0m[37mâ”â”â”â”â”â”â”â”â”â”â”â”â”â”â”â”â”â”[0m [1m0s[0m 63ms/step - accuracy: 1.0000 - loss: 0.3315
[1m2/7[0m [32mâ”â”â”â”â”[0m[37mâ”â”â”â”â”â”â”â”â”â”â”â”â”â”â”[0m [1m0s[0m 0s/step - accuracy: 1.0000 - loss: 0.2514
[1m4/7[0m [32mâ”â”â”â”â”â”â”â”â”â”â”[0m[37mâ”â”â”â”â”â”â”â”â”[0m [1m0s[0m 0s/step - accuracy: 1.0000 - loss: 0.2183  
[1m5/7[0m [32mâ”â”â”â”â”â”â”â”â”â”â”â”â”â”[0m[37mâ”â”â”â”â”â”[0m [1m0s[0m 0s/step - accuracy: 1.0000 - loss: 0.2045  
[1m6/7[0m [32mâ”â”â”â”â”â”â”â”â”â”â”â”â”â”â”â”â”[0m[37mâ”â”â”[0m [1m0s[0m 3ms/step - accuracy: 1.0000 - loss: 0.1941
[1m3/7[0m [32mâ”â”â”â”â”â”â”â”[0m[37mâ”â”â”â”â”â”â”â”â”â”â”â”[0m [1m0s[0m 0s/step - accuracy: 1.0000 - loss: 0.2514
[1m7/7[0m [32mâ”â”â”â”â”â”â”â”â”â”â”â”â”â”â”â”â”â”â”â”[0m[37m[0m [1m0s[0m 3ms/step - accuracy: 1.0000 - loss: 0.1863
Epoch 48/200

[1m1/7[0m [32mâ”â”[0m[37mâ”â”â”â”â”â”â”â”â”â”â”â”â”â”â”â”â”â”[0m [1m0s[0m 31ms/step - accuracy: 1.0000 - loss: 0.2919
[1m2/7[0m [32mâ”â”â”â”â”[0m[37mâ”â”â”â”â”â”â”â”â”â”â”â”â”â”â”[0m [1m0s[0m 0s/step - accuracy: 0.9500 - loss: 0.2727  
[1m3/7[0m [32mâ”â”â”â”â”â”â”â”[0m[37mâ”â”â”â”â”â”â”â”â”â”â”â”[0m [1m0s[0m 8ms/step - accuracy: 0.9444 - loss: 0.2467
[1m7/7[0m [32mâ”â”â”â”â”â”â”â”â”â”â”â”â”â”â”â”â”â”â”â”[0m[37m[0m [1m0s[0m 3ms/step - accuracy: 0.9557 - loss: 0.2051
Epoch 49/200

[1m1/7[0m [32mâ”â”[0m[37mâ”â”â”â”â”â”â”â”â”â”â”â”â”â”â”â”â”â”[0m [1m0s[0m 156ms/step - accuracy: 1.0000 - loss: 0.1687
[1m2/7[0m [32mâ”â”â”â”â”[0m[37mâ”â”â”â”â”â”â”â”â”â”â”â”â”â”â”[0m [1m0s[0m 0s/step - accuracy: 0.9500 - loss: 0.2192   
[1m7/7[0m [32mâ”â”â”â”â”â”â”â”â”â”â”â”â”â”â”â”â”â”â”â”[0m[37m[0m [1m0s[0m 3ms/step - accuracy: 0.9239 - loss: 0.2340
Epoch 50/200

[1m2/7[0m [32mâ”â”â”â”â”[0m[37mâ”â”â”â”â”â”â”â”â”â”â”â”â”â”â”[0m [1m0s[0m 0s/step - accuracy: 0.9500 - loss: 0.1978
[1m1/7[0m [32mâ”â”[0m[37mâ”â”â”â”â”â”â”â”â”â”â”â”â”â”â”â”â”â”[0m [1m0s[0m 47ms/step - accuracy: 1.0000 - loss: 0.1978
[1m7/7[0m [32mâ”â”â”â”â”â”â”â”â”â”â”â”â”â”â”â”â”â”â”â”[0m[37m[0m [1m0s[0m 0s/step - accuracy: 0.9190 - loss: 0.2362  
Epoch 51/200

[1m1/7[0m [32mâ”â”[0m[37mâ”â”â”â”â”â”â”â”â”â”â”â”â”â”â”â”â”â”[0m [1m0s[0m 31ms/step - accuracy: 1.0000 - loss: 0.0681
[1m2/7[0m [32mâ”â”â”â”â”[0m[37mâ”â”â”â”â”â”â”â”â”â”â”â”â”â”â”[0m [1m0s[0m 0s/step - accuracy: 1.0000 - loss: 0.1319  
[1m7/7[0m [32mâ”â”â”â”â”â”â”â”â”â”â”â”â”â”â”â”â”â”â”â”[0m[37m[0m [1m0s[0m 3ms/step - accuracy: 0.9325 - loss: 0.1737
Epoch 52/200

[1m2/7[0m [32mâ”â”â”â”â”[0m[37mâ”â”â”â”â”â”â”â”â”â”â”â”â”â”â”[0m [1m0s[0m 0s/step - accuracy: 1.0000 - loss: 0.1179
[1m1/7[0m [32mâ”â”[0m[37mâ”â”â”â”â”â”â”â”â”â”â”â”â”â”â”â”â”â”[0m [1m0s[0m 31ms/step - accuracy: 1.0000 - loss: 0.1179
[1m7/7[0m [32mâ”â”â”â”â”â”â”â”â”â”â”â”â”â”â”â”â”â”â”â”[0m[37m[0m [1m0s[0m 3ms/step - accuracy: 0.9212 - loss: 0.1908 
Epoch 53/200

[1m1/7[0m [32mâ”â”[0m[37mâ”â”â”â”â”â”â”â”â”â”â”â”â”â”â”â”â”â”[0m [1m0s[0m 31ms/step - accuracy: 0.8000 - loss: 0.5019
[1m2/7[0m [32mâ”â”â”â”â”[0m[37mâ”â”â”â”â”â”â”â”â”â”â”â”â”â”â”[0m [1m0s[0m 0s/step - accuracy: 0.8500 - loss: 0.3816  
[1m3/7[0m [32mâ”â”â”â”â”â”â”â”[0m[37mâ”â”â”â”â”â”â”â”â”â”â”â”[0m [1m0s[0m 0s/step - accuracy: 0.8778 - loss: 0.3410  
[1m7/7[0m [32mâ”â”â”â”â”â”â”â”â”â”â”â”â”â”â”â”â”â”â”â”[0m[37m[0m [1m0s[0m 3ms/step - accuracy: 0.9185 - loss: 0.2969
Epoch 54/200

[1m1/7[0m [32mâ”â”[0m[37mâ”â”â”â”â”â”â”â”â”â”â”â”â”â”â”â”â”â”[0m [1m0s[0m 31ms/step - accuracy: 0.8000 - loss: 0.4038
[1m2/7[0m [32mâ”â”â”â”â”[0m[37mâ”â”â”â”â”â”â”â”â”â”â”â”â”â”â”[0m [1m0s[0m 16ms/step - accuracy: 0.8000 - loss: 0.3691
[1m7/7[0m [32mâ”â”â”â”â”â”â”â”â”â”â”â”â”â”â”â”â”â”â”â”[0m[37m[0m [1m0s[0m 3ms/step - accuracy: 0.8691 - loss: 0.3339 
Epoch 55/200

[1m2/7[0m [32mâ”â”â”â”â”[0m[37mâ”â”â”â”â”â”â”â”â”â”â”â”â”â”â”[0m [1m0s[0m 0s/step - accuracy: 0.9500 - loss: 0.1280
[1m1/7[0m [32mâ”â”[0m[37mâ”â”â”â”â”â”â”â”â”â”â”â”â”â”â”â”â”â”[0m [1m0s[0m 63ms/step - accuracy: 1.0000 - loss: 0.1280
[1m3/7[0m [32mâ”â”â”â”â”â”â”â”[0m[37mâ”â”â”â”â”â”â”â”â”â”â”â”[0m [1m0s[0m 0s/step - accuracy: 0.9444 - loss: 0.1353  
[1m7/7[0m [32mâ”â”â”â”â”â”â”â”â”â”â”â”â”â”â”â”â”â”â”â”[0m[37m[0m [1m0s[0m 3ms/step - accuracy: 0.9557 - loss: 0.1189
Epoch 56/200

[1m1/7[0m [32mâ”â”[0m[37mâ”â”â”â”â”â”â”â”â”â”â”â”â”â”â”â”â”â”[0m [1m0s[0m 62ms/step - accuracy: 0.6000 - loss: 0.9210
[1m2/7[0m [32mâ”â”â”â”â”[0m[37mâ”â”â”â”â”â”â”â”â”â”â”â”â”â”â”[0m [1m0s[0m 0s/step - accuracy: 0.7000 - loss: 0.5691  
[1m3/7[0m [32mâ”â”â”â”â”â”â”â”[0m[37mâ”â”â”â”â”â”â”â”â”â”â”â”[0m [1m0s[0m 0s/step - accuracy: 0.7556 - loss: 0.4888
[1m7/7[0m [32mâ”â”â”â”â”â”â”â”â”â”â”â”â”â”â”â”â”â”â”â”[0m[37m[0m [1m0s[0m 3ms/step - accuracy: 0.8441 - loss: 0.3863
Epoch 57/200

[1m2/7[0m [32mâ”â”â”â”â”[0m[37mâ”â”â”â”â”â”â”â”â”â”â”â”â”â”â”[0m [1m0s[0m 0s/step - accuracy: 1.0000 - loss: 0.0461
[1m1/7[0m [32mâ”â”[0m[37mâ”â”â”â”â”â”â”â”â”â”â”â”â”â”â”â”â”â”[0m [1m0s[0m 31ms/step - accuracy: 1.0000 - loss: 0.0461
[1m7/7[0m [32mâ”â”â”â”â”â”â”â”â”â”â”â”â”â”â”â”â”â”â”â”[0m[37m[0m [1m0s[0m 3ms/step - accuracy: 0.9705 - loss: 0.1111 
Epoch 58/200

[1m1/7[0m [32mâ”â”[0m[37mâ”â”â”â”â”â”â”â”â”â”â”â”â”â”â”â”â”â”[0m [1m0s[0m 47ms/step - accuracy: 1.0000 - loss: 0.0641
[1m2/7[0m [32mâ”â”â”â”â”[0m[37mâ”â”â”â”â”â”â”â”â”â”â”â”â”â”â”[0m [1m0s[0m 0s/step - accuracy: 1.0000 - loss: 0.0786  
[1m7/7[0m [32mâ”â”â”â”â”â”â”â”â”â”â”â”â”â”â”â”â”â”â”â”[0m[37m[0m [1m0s[0m 0s/step - accuracy: 1.0000 - loss: 0.0900
Epoch 59/200

[1m1/7[0m [32mâ”â”[0m[37mâ”â”â”â”â”â”â”â”â”â”â”â”â”â”â”â”â”â”[0m [1m0s[0m 47ms/step - accuracy: 1.0000 - loss: 0.0298
[1m2/7[0m [32mâ”â”â”â”â”[0m[37mâ”â”â”â”â”â”â”â”â”â”â”â”â”â”â”[0m [1m0s[0m 0s/step - accuracy: 1.0000 - loss: 0.0595  
[1m7/7[0m [32mâ”â”â”â”â”â”â”â”â”â”â”â”â”â”â”â”â”â”â”â”[0m[37m[0m [1m0s[0m 3ms/step - accuracy: 0.9685 - loss: 0.1169
Epoch 60/200

[1m1/7[0m [32mâ”â”[0m[37mâ”â”â”â”â”â”â”â”â”â”â”â”â”â”â”â”â”â”[0m [1m0s[0m 31ms/step - accuracy: 1.0000 - loss: 0.2414
[1m2/7[0m [32mâ”â”â”â”â”[0m[37mâ”â”â”â”â”â”â”â”â”â”â”â”â”â”â”[0m [1m0s[0m 0s/step - accuracy: 1.0000 - loss: 0.2283  
[1m7/7[0m [32mâ”â”â”â”â”â”â”â”â”â”â”â”â”â”â”â”â”â”â”â”[0m[37m[0m [1m0s[0m 3ms/step - accuracy: 0.9325 - loss: 0.2901
Epoch 61/200

[1m1/7[0m [32mâ”â”[0m[37mâ”â”â”â”â”â”â”â”â”â”â”â”â”â”â”â”â”â”[0m [1m0s[0m 31ms/step - accuracy: 0.8000 - loss: 0.1775
[1m2/7[0m [32mâ”â”â”â”â”[0m[37mâ”â”â”â”â”â”â”â”â”â”â”â”â”â”â”[0m [1m0s[0m 0s/step - accuracy: 0.8500 - loss: 0.2131  
[1m7/7[0m [32mâ”â”â”â”â”â”â”â”â”â”â”â”â”â”â”â”â”â”â”â”[0m[37m[0m [1m0s[0m 3ms/step - accuracy: 0.8980 - loss: 0.1974
Epoch 62/200

[1m1/7[0m [32mâ”â”[0m[37mâ”â”â”â”â”â”â”â”â”â”â”â”â”â”â”â”â”â”[0m [1m0s[0m 47ms/step - accuracy: 1.0000 - loss: 0.0759
[1m2/7[0m [32mâ”â”â”â”â”[0m[37mâ”â”â”â”â”â”â”â”â”â”â”â”â”â”â”[0m [1m0s[0m 0s/step - accuracy: 1.0000 - loss: 0.0790  
[1m7/7[0m [32mâ”â”â”â”â”â”â”â”â”â”â”â”â”â”â”â”â”â”â”â”[0m[37m[0m [1m0s[0m 0s/step - accuracy: 0.9593 - loss: 0.1237
Epoch 63/200

[1m1/7[0m [32mâ”â”[0m[37mâ”â”â”â”â”â”â”â”â”â”â”â”â”â”â”â”â”â”[0m [1m0s[0m 31ms/step - accuracy: 0.8000 - loss: 0.6085
[1m2/7[0m [32mâ”â”â”â”â”[0m[37mâ”â”â”â”â”â”â”â”â”â”â”â”â”â”â”[0m [1m0s[0m 0s/step - accuracy: 0.8000 - loss: 0.5194  
[1m7/7[0m [32mâ”â”â”â”â”â”â”â”â”â”â”â”â”â”â”â”â”â”â”â”[0m[37m[0m [1m0s[0m 3ms/step - accuracy: 0.8546 - loss: 0.3840
Epoch 64/200

[1m2/7[0m [32mâ”â”â”â”â”[0m[37mâ”â”â”â”â”â”â”â”â”â”â”â”â”â”â”[0m [1m0s[0m 0s/step - accuracy: 0.9500 - loss: 0.1268
[1m1/7[0m [32mâ”â”[0m[37mâ”â”â”â”â”â”â”â”â”â”â”â”â”â”â”â”â”â”[0m [1m0s[0m 63ms/step - accuracy: 1.0000 - loss: 0.0749
[1m3/7[0m [32mâ”â”â”â”â”â”â”â”[0m[37mâ”â”â”â”â”â”â”â”â”â”â”â”[0m [1m0s[0m 0s/step - accuracy: 0.9222 - loss: 0.1871  
[1m7/7[0m [32mâ”â”â”â”â”â”â”â”â”â”â”â”â”â”â”â”â”â”â”â”[0m[37m[0m [1m0s[0m 3ms/step - accuracy: 0.8944 - loss: 0.2226
Epoch 65/200

[1m1/7[0m [32mâ”â”[0m[37mâ”â”â”â”â”â”â”â”â”â”â”â”â”â”â”â”â”â”[0m [1m0s[0m 47ms/step - accuracy: 0.8000 - loss: 0.2203
[1m2/7[0m [32mâ”â”â”â”â”[0m[37mâ”â”â”â”â”â”â”â”â”â”â”â”â”â”â”[0m [1m0s[0m 16ms/step - accuracy: 0.8000 - loss: 0.2373
[1m4/7[0m [32mâ”â”â”â”â”â”â”â”â”â”â”[0m[37mâ”â”â”â”â”â”â”â”â”[0m [1m0s[0m 5ms/step - accuracy: 0.8417 - loss: 0.1892 
[1m3/7[0m [32mâ”â”â”â”â”â”â”â”[0m[37mâ”â”â”â”â”â”â”â”â”â”â”â”[0m [1m0s[0m 8ms/step - accuracy: 0.8222 - loss: 0.1892
[1m5/7[0m [32mâ”â”â”â”â”â”â”â”â”â”â”â”â”â”[0m[37mâ”â”â”â”â”â”[0m [1m0s[0m 4ms/step - accuracy: 0.8573 - loss: 0.1830
[1m7/7[0m [32mâ”â”â”â”â”â”â”â”â”â”â”â”â”â”â”â”â”â”â”â”[0m[37m[0m [1m0s[0m 5ms/step - accuracy: 0.8864 - loss: 0.1783
Epoch 66/200

[1m1/7[0m [32mâ”â”[0m[37mâ”â”â”â”â”â”â”â”â”â”â”â”â”â”â”â”â”â”[0m [1m0s[0m 47ms/step - accuracy: 1.0000 - loss: 0.0831
[1m7/7[0m [32mâ”â”â”â”â”â”â”â”â”â”â”â”â”â”â”â”â”â”â”â”[0m[37m[0m [1m0s[0m 0s/step - accuracy: 0.9765 - loss: 0.1418  
Epoch 67/200

[1m2/7[0m [32mâ”â”â”â”â”[0m[37mâ”â”â”â”â”â”â”â”â”â”â”â”â”â”â”[0m [1m0s[0m 0s/step - accuracy: 1.0000 - loss: 0.1743
[1m1/7[0m [32mâ”â”[0m[37mâ”â”â”â”â”â”â”â”â”â”â”â”â”â”â”â”â”â”[0m [1m0s[0m 47ms/step - accuracy: 1.0000 - loss: 0.1743
[1m3/7[0m [32mâ”â”â”â”â”â”â”â”[0m[37mâ”â”â”â”â”â”â”â”â”â”â”â”[0m [1m0s[0m 0s/step - accuracy: 1.0000 - loss: 0.1573  
[1m7/7[0m [32mâ”â”â”â”â”â”â”â”â”â”â”â”â”â”â”â”â”â”â”â”[0m[37m[0m [1m0s[0m 0s/step - accuracy: 0.9878 - loss: 0.1475
Epoch 68/200

[1m1/7[0m [32mâ”â”[0m[37mâ”â”â”â”â”â”â”â”â”â”â”â”â”â”â”â”â”â”[0m [1m0s[0m 31ms/step - accuracy: 1.0000 - loss: 0.0227
[1m7/7[0m [32mâ”â”â”â”â”â”â”â”â”â”â”â”â”â”â”â”â”â”â”â”[0m[37m[0m [1m0s[0m 9ms/step - accuracy: 1.0000 - loss: 0.0676 
Epoch 69/200

[1m1/7[0m [32mâ”â”[0m[37mâ”â”â”â”â”â”â”â”â”â”â”â”â”â”â”â”â”â”[0m [1m0s[0m 55ms/step - accuracy: 0.8000 - loss: 0.3621
[1m2/7[0m [32mâ”â”â”â”â”[0m[37mâ”â”â”â”â”â”â”â”â”â”â”â”â”â”â”[0m [1m0s[0m 3ms/step - accuracy: 0.8500 - loss: 0.2539 
[1m7/7[0m [32mâ”â”â”â”â”â”â”â”â”â”â”â”â”â”â”â”â”â”â”â”[0m[37m[0m [1m0s[0m 3ms/step - accuracy: 0.8950 - loss: 0.2162
Epoch 70/200

[1m2/7[0m [32mâ”â”â”â”â”[0m[37mâ”â”â”â”â”â”â”â”â”â”â”â”â”â”â”[0m [1m0s[0m 2ms/step - accuracy: 1.0000 - loss: 0.1022
[1m1/7[0m [32mâ”â”[0m[37mâ”â”â”â”â”â”â”â”â”â”â”â”â”â”â”â”â”â”[0m [1m0s[0m 52ms/step - accuracy: 1.0000 - loss: 0.0608
[1m3/7[0m [32mâ”â”â”â”â”â”â”â”[0m[37mâ”â”â”â”â”â”â”â”â”â”â”â”[0m [1m0s[0m 4ms/step - accuracy: 1.0000 - loss: 0.0963 
[1m7/7[0m [32mâ”â”â”â”â”â”â”â”â”â”â”â”â”â”â”â”â”â”â”â”[0m[37m[0m [1m0s[0m 3ms/step - accuracy: 0.9755 - loss: 0.1331
Epoch 71/200

[1m1/7[0m [32mâ”â”[0m[37mâ”â”â”â”â”â”â”â”â”â”â”â”â”â”â”â”â”â”[0m [1m0s[0m 147ms/step - accuracy: 1.0000 - loss: 0.1351
[1m3/7[0m [32mâ”â”â”â”â”â”â”â”[0m[37mâ”â”â”â”â”â”â”â”â”â”â”â”[0m [1m0s[0m 2ms/step - accuracy: 0.9444 - loss: 0.1556  
[1m2/7[0m [32mâ”â”â”â”â”[0m[37mâ”â”â”â”â”â”â”â”â”â”â”â”â”â”â”[0m [1m0s[0m 2ms/step - accuracy: 0.9500 - loss: 0.1556  
[1m7/7[0m [32mâ”â”â”â”â”â”â”â”â”â”â”â”â”â”â”â”â”â”â”â”[0m[37m[0m [1m0s[0m 3ms/step - accuracy: 0.9557 - loss: 0.1272
Epoch 72/200

[1m1/7[0m [32mâ”â”[0m[37mâ”â”â”â”â”â”â”â”â”â”â”â”â”â”â”â”â”â”[0m [1m0s[0m 49ms/step - accuracy: 0.8000 - loss: 0.2601
[1m2/7[0m [32mâ”â”â”â”â”[0m[37mâ”â”â”â”â”â”â”â”â”â”â”â”â”â”â”[0m [1m0s[0m 6ms/step - accuracy: 0.8500 - loss: 0.2128 
[1m7/7[0m [32mâ”â”â”â”â”â”â”â”â”â”â”â”â”â”â”â”â”â”â”â”[0m[37m[0m [1m0s[0m 3ms/step - accuracy: 0.9307 - loss: 0.1329
Epoch 73/200

[1m1/7[0m [32mâ”â”[0m[37mâ”â”â”â”â”â”â”â”â”â”â”â”â”â”â”â”â”â”[0m [1m0s[0m 50ms/step - accuracy: 1.0000 - loss: 0.0805
[1m2/7[0m [32mâ”â”â”â”â”[0m[37mâ”â”â”â”â”â”â”â”â”â”â”â”â”â”â”[0m [1m0s[0m 3ms/step - accuracy: 1.0000 - loss: 0.0673 
[1m7/7[0m [32mâ”â”â”â”â”â”â”â”â”â”â”â”â”â”â”â”â”â”â”â”[0m[37m[0m [1m0s[0m 3ms/step - accuracy: 0.9828 - loss: 0.0946
Epoch 74/200

[1m1/7[0m [32mâ”â”[0m[37mâ”â”â”â”â”â”â”â”â”â”â”â”â”â”â”â”â”â”[0m [1m0s[0m 41ms/step - accuracy: 0.8000 - loss: 0.4890
[1m2/7[0m [32mâ”â”â”â”â”[0m[37mâ”â”â”â”â”â”â”â”â”â”â”â”â”â”â”[0m [1m0s[0m 7ms/step - accuracy: 0.8500 - loss: 0.3778 
[1m7/7[0m [32mâ”â”â”â”â”â”â”â”â”â”â”â”â”â”â”â”â”â”â”â”[0m[37m[0m [1m0s[0m 3ms/step - accuracy: 0.8989 - loss: 0.2395
Epoch 75/200

[1m1/7[0m [32mâ”â”[0m[37mâ”â”â”â”â”â”â”â”â”â”â”â”â”â”â”â”â”â”[0m [1m0s[0m 119ms/step - accuracy: 1.0000 - loss: 0.0066
[1m7/7[0m [32mâ”â”â”â”â”â”â”â”â”â”â”â”â”â”â”â”â”â”â”â”[0m[37m[0m [1m0s[0m 3ms/step - accuracy: 0.9447 - loss: 0.0761  
Epoch 76/200

[1m1/7[0m [32mâ”â”[0m[37mâ”â”â”â”â”â”â”â”â”â”â”â”â”â”â”â”â”â”[0m [1m0s[0m 57ms/step - accuracy: 0.8000 - loss: 0.2839
[1m2/7[0m [32mâ”â”â”â”â”[0m[37mâ”â”â”â”â”â”â”â”â”â”â”â”â”â”â”[0m [1m0s[0m 0s/step - accuracy: 0.8500 - loss: 0.2461  
[1m3/7[0m [32mâ”â”â”â”â”â”â”â”[0m[37mâ”â”â”â”â”â”â”â”â”â”â”â”[0m [1m0s[0m 0s/step - accuracy: 0.8778 - loss: 0.2468  
[1m7/7[0m [32mâ”â”â”â”â”â”â”â”â”â”â”â”â”â”â”â”â”â”â”â”[0m[37m[0m [1m0s[0m 2ms/step - accuracy: 0.9012 - loss: 0.2162
Epoch 77/200

[1m1/7[0m [32mâ”â”[0m[37mâ”â”â”â”â”â”â”â”â”â”â”â”â”â”â”â”â”â”[0m [1m0s[0m 63ms/step - accuracy: 1.0000 - loss: 0.0047
[1m7/7[0m [32mâ”â”â”â”â”â”â”â”â”â”â”â”â”â”â”â”â”â”â”â”[0m[37m[0m [1m0s[0m 3ms/step - accuracy: 0.9385 - loss: 0.0939 
Epoch 78/200

[1m1/7[0m [32mâ”â”[0m[37mâ”â”â”â”â”â”â”â”â”â”â”â”â”â”â”â”â”â”[0m [1m0s[0m 62ms/step - accuracy: 1.0000 - loss: 0.0175
[1m2/7[0m [32mâ”â”â”â”â”[0m[37mâ”â”â”â”â”â”â”â”â”â”â”â”â”â”â”[0m [1m0s[0m 0s/step - accuracy: 1.0000 - loss: 0.0572  
[1m7/7[0m [32mâ”â”â”â”â”â”â”â”â”â”â”â”â”â”â”â”â”â”â”â”[0m[37m[0m [1m0s[0m 3ms/step - accuracy: 0.9828 - loss: 0.0856
Epoch 79/200

[1m1/7[0m [32mâ”â”[0m[37mâ”â”â”â”â”â”â”â”â”â”â”â”â”â”â”â”â”â”[0m [1m0s[0m 47ms/step - accuracy: 1.0000 - loss: 0.0312
[1m7/7[0m [32mâ”â”â”â”â”â”â”â”â”â”â”â”â”â”â”â”â”â”â”â”[0m[37m[0m [1m0s[0m 0s/step - accuracy: 1.0000 - loss: 0.0408  
Epoch 80/200

[1m1/7[0m [32mâ”â”[0m[37mâ”â”â”â”â”â”â”â”â”â”â”â”â”â”â”â”â”â”[0m [1m0s[0m 47ms/step - accuracy: 1.0000 - loss: 0.2014
[1m7/7[0m [32mâ”â”â”â”â”â”â”â”â”â”â”â”â”â”â”â”â”â”â”â”[0m[37m[0m [1m0s[0m 0s/step - accuracy: 0.9765 - loss: 0.1532  
Epoch 81/200

[1m2/7[0m [32mâ”â”â”â”â”[0m[37mâ”â”â”â”â”â”â”â”â”â”â”â”â”â”â”[0m [1m0s[0m 16ms/step - accuracy: 1.0000 - loss: 0.0671
[1m1/7[0m [32mâ”â”[0m[37mâ”â”â”â”â”â”â”â”â”â”â”â”â”â”â”â”â”â”[0m [1m0s[0m 31ms/step - accuracy: 1.0000 - loss: 0.0672
[1m3/7[0m [32mâ”â”â”â”â”â”â”â”[0m[37mâ”â”â”â”â”â”â”â”â”â”â”â”[0m [1m0s[0m 8ms/step - accuracy: 1.0000 - loss: 0.0633 
[1m4/7[0m [32mâ”â”â”â”â”â”â”â”â”â”â”[0m[37mâ”â”â”â”â”â”â”â”â”[0m [1m0s[0m 5ms/step - accuracy: 1.0000 - loss: 0.0633
[1m7/7[0m [32mâ”â”â”â”â”â”â”â”â”â”â”â”â”â”â”â”â”â”â”â”[0m[37m[0m [1m0s[0m 3ms/step - accuracy: 0.9828 - loss: 0.0910
Epoch 82/200

[1m1/7[0m [32mâ”â”[0m[37mâ”â”â”â”â”â”â”â”â”â”â”â”â”â”â”â”â”â”[0m [1m0s[0m 47ms/step - accuracy: 0.8000 - loss: 0.3381
[1m3/7[0m [32mâ”â”â”â”â”â”â”â”[0m[37mâ”â”â”â”â”â”â”â”â”â”â”â”[0m [1m0s[0m 0s/step - accuracy: 0.8778 - loss: 0.2142  
[1m2/7[0m [32mâ”â”â”â”â”[0m[37mâ”â”â”â”â”â”â”â”â”â”â”â”â”â”â”[0m [1m0s[0m 0s/step - accuracy: 0.8500 - loss: 0.2142
[1m7/7[0m [32mâ”â”â”â”â”â”â”â”â”â”â”â”â”â”â”â”â”â”â”â”[0m[37m[0m [1m0s[0m 0s/step - accuracy: 0.9030 - loss: 0.1574
Epoch 83/200

[1m1/7[0m [32mâ”â”[0m[37mâ”â”â”â”â”â”â”â”â”â”â”â”â”â”â”â”â”â”[0m [1m0s[0m 31ms/step - accuracy: 1.0000 - loss: 0.0134
[1m2/7[0m [32mâ”â”â”â”â”[0m[37mâ”â”â”â”â”â”â”â”â”â”â”â”â”â”â”[0m [1m0s[0m 0s/step - accuracy: 1.0000 - loss: 0.0277  
[1m7/7[0m [32mâ”â”â”â”â”â”â”â”â”â”â”â”â”â”â”â”â”â”â”â”[0m[37m[0m [1m0s[0m 3ms/step - accuracy: 0.9878 - loss: 0.0889
Epoch 84/200

[1m3/7[0m [32mâ”â”â”â”â”â”â”â”[0m[37mâ”â”â”â”â”â”â”â”â”â”â”â”[0m [1m0s[0m 0s/step - accuracy: 0.9444 - loss: 0.1288
[1m1/7[0m [32mâ”â”[0m[37mâ”â”â”â”â”â”â”â”â”â”â”â”â”â”â”â”â”â”[0m [1m0s[0m 31ms/step - accuracy: 1.0000 - loss: 0.0035
[1m2/7[0m [32mâ”â”â”â”â”[0m[37mâ”â”â”â”â”â”â”â”â”â”â”â”â”â”â”[0m [1m0s[0m 0s/step - accuracy: 0.9500 - loss: 0.1291  
[1m4/7[0m [32mâ”â”â”â”â”â”â”â”â”â”â”[0m[37mâ”â”â”â”â”â”â”â”â”[0m [1m0s[0m 0s/step - accuracy: 0.9458 - loss: 0.1291  
[1m7/7[0m [32mâ”â”â”â”â”â”â”â”â”â”â”â”â”â”â”â”â”â”â”â”[0m[37m[0m [1m0s[0m 3ms/step - accuracy: 0.9557 - loss: 0.1257
Epoch 85/200

[1m1/7[0m [32mâ”â”[0m[37mâ”â”â”â”â”â”â”â”â”â”â”â”â”â”â”â”â”â”[0m [1m0s[0m 31ms/step - accuracy: 1.0000 - loss: 0.0568
[1m7/7[0m [32mâ”â”â”â”â”â”â”â”â”â”â”â”â”â”â”â”â”â”â”â”[0m[37m[0m [1m0s[0m 3ms/step - accuracy: 0.9828 - loss: 0.0661 
Epoch 86/200

[1m1/7[0m [32mâ”â”[0m[37mâ”â”â”â”â”â”â”â”â”â”â”â”â”â”â”â”â”â”[0m [1m0s[0m 31ms/step - accuracy: 1.0000 - loss: 0.1175
[1m2/7[0m [32mâ”â”â”â”â”[0m[37mâ”â”â”â”â”â”â”â”â”â”â”â”â”â”â”[0m [1m0s[0m 0s/step - accuracy: 1.0000 - loss: 0.1029  
[1m4/7[0m [32mâ”â”â”â”â”â”â”â”â”â”â”[0m[37mâ”â”â”â”â”â”â”â”â”[0m [1m0s[0m 5ms/step - accuracy: 0.9875 - loss: 0.1048 
[1m3/7[0m [32mâ”â”â”â”â”â”â”â”[0m[37mâ”â”â”â”â”â”â”â”â”â”â”â”[0m [1m0s[0m 0s/step - accuracy: 1.0000 - loss: 0.1048 
[1m5/7[0m [32mâ”â”â”â”â”â”â”â”â”â”â”â”â”â”[0m[37mâ”â”â”â”â”â”[0m [1m0s[0m 4ms/step - accuracy: 0.9820 - loss: 0.0994
[1m7/7[0m [32mâ”â”â”â”â”â”â”â”â”â”â”â”â”â”â”â”â”â”â”â”[0m[37m[0m [1m0s[0m 3ms/step - accuracy: 0.9765 - loss: 0.0975
Epoch 87/200

[1m1/7[0m [32mâ”â”[0m[37mâ”â”â”â”â”â”â”â”â”â”â”â”â”â”â”â”â”â”[0m [1m1s[0m 182ms/step - accuracy: 1.0000 - loss: 0.0484
[1m2/7[0m [32mâ”â”â”â”â”[0m[37mâ”â”â”â”â”â”â”â”â”â”â”â”â”â”â”[0m [1m0s[0m 4ms/step - accuracy: 1.0000 - loss: 0.0360  
[1m7/7[0m [32mâ”â”â”â”â”â”â”â”â”â”â”â”â”â”â”â”â”â”â”â”[0m[37m[0m [1m0s[0m 2ms/step - accuracy: 0.9828 - loss: 0.0569
Epoch 88/200

[1m1/7[0m [32mâ”â”[0m[37mâ”â”â”â”â”â”â”â”â”â”â”â”â”â”â”â”â”â”[0m [1m0s[0m 62ms/step - accuracy: 1.0000 - loss: 0.2019
[1m2/7[0m [32mâ”â”â”â”â”[0m[37mâ”â”â”â”â”â”â”â”â”â”â”â”â”â”â”[0m [1m0s[0m 0s/step - accuracy: 1.0000 - loss: 0.1530  
[1m3/7[0m [32mâ”â”â”â”â”â”â”â”[0m[37mâ”â”â”â”â”â”â”â”â”â”â”â”[0m [1m0s[0m 0s/step - accuracy: 1.0000 - loss: 0.1343
[1m7/7[0m [32mâ”â”â”â”â”â”â”â”â”â”â”â”â”â”â”â”â”â”â”â”[0m[37m[0m [1m0s[0m 3ms/step - accuracy: 1.0000 - loss: 0.1232
Epoch 89/200

[1m1/7[0m [32mâ”â”[0m[37mâ”â”â”â”â”â”â”â”â”â”â”â”â”â”â”â”â”â”[0m [1m0s[0m 47ms/step - accuracy: 1.0000 - loss: 0.1090
[1m2/7[0m [32mâ”â”â”â”â”[0m[37mâ”â”â”â”â”â”â”â”â”â”â”â”â”â”â”[0m [1m0s[0m 0s/step - accuracy: 0.9500 - loss: 0.1823  
[1m3/7[0m [32mâ”â”â”â”â”â”â”â”[0m[37mâ”â”â”â”â”â”â”â”â”â”â”â”[0m [1m0s[0m 0s/step - accuracy: 0.9222 - loss: 0.1841
[1m7/7[0m [32mâ”â”â”â”â”â”â”â”â”â”â”â”â”â”â”â”â”â”â”â”[0m[37m[0m [1m0s[0m 3ms/step - accuracy: 0.9239 - loss: 0.1659
Epoch 90/200

[1m1/7[0m [32mâ”â”[0m[37mâ”â”â”â”â”â”â”â”â”â”â”â”â”â”â”â”â”â”[0m [1m0s[0m 31ms/step - accuracy: 1.0000 - loss: 0.0011
[1m4/7[0m [32mâ”â”â”â”â”â”â”â”â”â”â”[0m[37mâ”â”â”â”â”â”â”â”â”[0m [1m0s[0m 5ms/step - accuracy: 1.0000 - loss: 0.0171 
[1m2/7[0m [32mâ”â”â”â”â”[0m[37mâ”â”â”â”â”â”â”â”â”â”â”â”â”â”â”[0m [1m0s[0m 16ms/step - accuracy: 1.0000 - loss: 0.0171
[1m3/7[0m [32mâ”â”â”â”â”â”â”â”[0m[37mâ”â”â”â”â”â”â”â”â”â”â”â”[0m [1m0s[0m 0s/step - accuracy: 1.0000 - loss: 0.0171  
[1m7/7[0m [32mâ”â”â”â”â”â”â”â”â”â”â”â”â”â”â”â”â”â”â”â”[0m[37m[0m [1m0s[0m 3ms/step - accuracy: 1.0000 - loss: 0.0329
Epoch 91/200

[1m1/7[0m [32mâ”â”[0m[37mâ”â”â”â”â”â”â”â”â”â”â”â”â”â”â”â”â”â”[0m [1m0s[0m 47ms/step - accuracy: 1.0000 - loss: 0.3140
[1m2/7[0m [32mâ”â”â”â”â”[0m[37mâ”â”â”â”â”â”â”â”â”â”â”â”â”â”â”[0m [1m0s[0m 0s/step - accuracy: 0.9500 - loss: 0.2887  
[1m3/7[0m [32mâ”â”â”â”â”â”â”â”[0m[37mâ”â”â”â”â”â”â”â”â”â”â”â”[0m [1m0s[0m 0s/step - accuracy: 0.9444 - loss: 0.2231
[1m7/7[0m [32mâ”â”â”â”â”â”â”â”â”â”â”â”â”â”â”â”â”â”â”â”[0m[37m[0m [1m0s[0m 3ms/step - accuracy: 0.9557 - loss: 0.1658
Epoch 92/200

[1m1/7[0m [32mâ”â”[0m[37mâ”â”â”â”â”â”â”â”â”â”â”â”â”â”â”â”â”â”[0m [1m0s[0m 31ms/step - accuracy: 1.0000 - loss: 0.1020
[1m2/7[0m [32mâ”â”â”â”â”[0m[37mâ”â”â”â”â”â”â”â”â”â”â”â”â”â”â”[0m [1m0s[0m 0s/step - accuracy: 1.0000 - loss: 0.1020  
[1m3/7[0m [32mâ”â”â”â”â”â”â”â”[0m[37mâ”â”â”â”â”â”â”â”â”â”â”â”[0m [1m0s[0m 8ms/step - accuracy: 1.0000 - loss: 0.1074
[1m7/7[0m [32mâ”â”â”â”â”â”â”â”â”â”â”â”â”â”â”â”â”â”â”â”[0m[37m[0m [1m0s[0m 3ms/step - accuracy: 0.9765 - loss: 0.1028
Epoch 93/200

[1m2/7[0m [32mâ”â”â”â”â”[0m[37mâ”â”â”â”â”â”â”â”â”â”â”â”â”â”â”[0m [1m0s[0m 16ms/step - accuracy: 1.0000 - loss: 0.0332
[1m1/7[0m [32mâ”â”[0m[37mâ”â”â”â”â”â”â”â”â”â”â”â”â”â”â”â”â”â”[0m [1m0s[0m 31ms/step - accuracy: 1.0000 - loss: 0.0783
[1m3/7[0m [32mâ”â”â”â”â”â”â”â”[0m[37mâ”â”â”â”â”â”â”â”â”â”â”â”[0m [1m0s[0m 8ms/step - accuracy: 0.9778 - loss: 0.0783 
[1m7/7[0m [32mâ”â”â”â”â”â”â”â”â”â”â”â”â”â”â”â”â”â”â”â”[0m[37m[0m [1m0s[0m 3ms/step - accuracy: 0.9275 - loss: 0.1873
Epoch 94/200

[1m1/7[0m [32mâ”â”[0m[37mâ”â”â”â”â”â”â”â”â”â”â”â”â”â”â”â”â”â”[0m [1m0s[0m 47ms/step - accuracy: 1.0000 - loss: 0.0378
[1m3/7[0m [32mâ”â”â”â”â”â”â”â”[0m[37mâ”â”â”â”â”â”â”â”â”â”â”â”[0m [1m0s[0m 0s/step - accuracy: 0.8889 - loss: 0.4087  
[1m2/7[0m [32mâ”â”â”â”â”[0m[37mâ”â”â”â”â”â”â”â”â”â”â”â”â”â”â”[0m [1m0s[0m 0s/step - accuracy: 0.9000 - loss: 0.4087
[1m7/7[0m [32mâ”â”â”â”â”â”â”â”â”â”â”â”â”â”â”â”â”â”â”â”[0m[37m[0m [1m0s[0m 3ms/step - accuracy: 0.9114 - loss: 0.3417
Epoch 95/200

[1m1/7[0m [32mâ”â”[0m[37mâ”â”â”â”â”â”â”â”â”â”â”â”â”â”â”â”â”â”[0m [1m0s[0m 40ms/step - accuracy: 1.0000 - loss: 0.0057
[1m2/7[0m [32mâ”â”â”â”â”[0m[37mâ”â”â”â”â”â”â”â”â”â”â”â”â”â”â”[0m [1m0s[0m 3ms/step - accuracy: 1.0000 - loss: 0.0227 
[1m3/7[0m [32mâ”â”â”â”â”â”â”â”[0m[37mâ”â”â”â”â”â”â”â”â”â”â”â”[0m [1m0s[0m 2ms/step - accuracy: 1.0000 - loss: 0.0449
[1m7/7[0m [32mâ”â”â”â”â”â”â”â”â”â”â”â”â”â”â”â”â”â”â”â”[0m[37m[0m [1m0s[0m 2ms/step - accuracy: 0.9765 - loss: 0.0569
Epoch 96/200

[1m1/7[0m [32mâ”â”[0m[37mâ”â”â”â”â”â”â”â”â”â”â”â”â”â”â”â”â”â”[0m [1m0s[0m 26ms/step - accuracy: 1.0000 - loss: 0.1227
[1m2/7[0m [32mâ”â”â”â”â”[0m[37mâ”â”â”â”â”â”â”â”â”â”â”â”â”â”â”[0m [1m0s[0m 0s/step - accuracy: 1.0000 - loss: 0.1227  
[1m7/7[0m [32mâ”â”â”â”â”â”â”â”â”â”â”â”â”â”â”â”â”â”â”â”[0m[37m[0m [1m0s[0m 3ms/step - accuracy: 0.9765 - loss: 0.1489
Epoch 97/200

[1m1/7[0m [32mâ”â”[0m[37mâ”â”â”â”â”â”â”â”â”â”â”â”â”â”â”â”â”â”[0m [1m0s[0m 31ms/step - accuracy: 0.8000 - loss: 0.2170
[1m2/7[0m [32mâ”â”â”â”â”[0m[37mâ”â”â”â”â”â”â”â”â”â”â”â”â”â”â”[0m [1m0s[0m 16ms/step - accuracy: 0.8000 - loss: 0.2786
[1m7/7[0m [32mâ”â”â”â”â”â”â”â”â”â”â”â”â”â”â”â”â”â”â”â”[0m[37m[0m [1m0s[0m 3ms/step - accuracy: 0.8546 - loss: 0.2272 
Epoch 98/200

[1m1/7[0m [32mâ”â”[0m[37mâ”â”â”â”â”â”â”â”â”â”â”â”â”â”â”â”â”â”[0m [1m0s[0m 31ms/step - accuracy: 1.0000 - loss: 0.0956
[1m2/7[0m [32mâ”â”â”â”â”[0m[37mâ”â”â”â”â”â”â”â”â”â”â”â”â”â”â”[0m [1m0s[0m 16ms/step - accuracy: 0.9500 - loss: 0.1160
[1m3/7[0m [32mâ”â”â”â”â”â”â”â”[0m[37mâ”â”â”â”â”â”â”â”â”â”â”â”[0m [1m0s[0m 8ms/step - accuracy: 0.9444 - loss: 0.1165 
[1m7/7[0m [32mâ”â”â”â”â”â”â”â”â”â”â”â”â”â”â”â”â”â”â”â”[0m[37m[0m [1m0s[0m 3ms/step - accuracy: 0.9557 - loss: 0.1113
Epoch 99/200

[1m1/7[0m [32mâ”â”[0m[37mâ”â”â”â”â”â”â”â”â”â”â”â”â”â”â”â”â”â”[0m [1m0s[0m 62ms/step - accuracy: 1.0000 - loss: 0.1169
[1m2/7[0m [32mâ”â”â”â”â”[0m[37mâ”â”â”â”â”â”â”â”â”â”â”â”â”â”â”[0m [1m0s[0m 0s/step - accuracy: 1.0000 - loss: 0.1198  
[1m7/7[0m [32mâ”â”â”â”â”â”â”â”â”â”â”â”â”â”â”â”â”â”â”â”[0m[37m[0m [1m0s[0m 3ms/step - accuracy: 0.9643 - loss: 0.1355
Epoch 100/200

[1m1/7[0m [32mâ”â”[0m[37mâ”â”â”â”â”â”â”â”â”â”â”â”â”â”â”â”â”â”[0m [1m0s[0m 47ms/step - accuracy: 1.0000 - loss: 0.1021
[1m2/7[0m [32mâ”â”â”â”â”[0m[37mâ”â”â”â”â”â”â”â”â”â”â”â”â”â”â”[0m [1m0s[0m 0s/step - accuracy: 1.0000 - loss: 0.0754  
[1m3/7[0m [32mâ”â”â”â”â”â”â”â”[0m[37mâ”â”â”â”â”â”â”â”â”â”â”â”[0m [1m0s[0m 0s/step - accuracy: 1.0000 - loss: 0.0675
[1m7/7[0m [32mâ”â”â”â”â”â”â”â”â”â”â”â”â”â”â”â”â”â”â”â”[0m[37m[0m [1m0s[0m 3ms/step - accuracy: 1.0000 - loss: 0.0579
Epoch 101/200

[1m1/7[0m [32mâ”â”[0m[37mâ”â”â”â”â”â”â”â”â”â”â”â”â”â”â”â”â”â”[0m [1m0s[0m 47ms/step - accuracy: 1.0000 - loss: 0.0021
[1m2/7[0m [32mâ”â”â”â”â”[0m[37mâ”â”â”â”â”â”â”â”â”â”â”â”â”â”â”[0m [1m0s[0m 0s/step - accuracy: 1.0000 - loss: 0.0507  
[1m3/7[0m [32mâ”â”â”â”â”â”â”â”[0m[37mâ”â”â”â”â”â”â”â”â”â”â”â”[0m [1m0s[0m 0s/step - accuracy: 1.0000 - loss: 0.0507
[1m7/7[0m [32mâ”â”â”â”â”â”â”â”â”â”â”â”â”â”â”â”â”â”â”â”[0m[37m[0m [1m0s[0m 3ms/step - accuracy: 1.0000 - loss: 0.0729
Epoch 102/200

[1m1/7[0m [32mâ”â”[0m[37mâ”â”â”â”â”â”â”â”â”â”â”â”â”â”â”â”â”â”[0m [1m0s[0m 31ms/step - accuracy: 1.0000 - loss: 0.0198
[1m2/7[0m [32mâ”â”â”â”â”[0m[37mâ”â”â”â”â”â”â”â”â”â”â”â”â”â”â”[0m [1m0s[0m 0s/step - accuracy: 1.0000 - loss: 0.0228  
[1m7/7[0m [32mâ”â”â”â”â”â”â”â”â”â”â”â”â”â”â”â”â”â”â”â”[0m[37m[0m [1m0s[0m 3ms/step - accuracy: 0.9390 - loss: 0.1788
Epoch 103/200

[1m1/7[0m [32mâ”â”[0m[37mâ”â”â”â”â”â”â”â”â”â”â”â”â”â”â”â”â”â”[0m [1m0s[0m 39ms/step - accuracy: 1.0000 - loss: 0.0291
[1m2/7[0m [32mâ”â”â”â”â”[0m[37mâ”â”â”â”â”â”â”â”â”â”â”â”â”â”â”[0m [1m0s[0m 5ms/step - accuracy: 1.0000 - loss: 0.0480 
[1m7/7[0m [32mâ”â”â”â”â”â”â”â”â”â”â”â”â”â”â”â”â”â”â”â”[0m[37m[0m [1m0s[0m 1ms/step - accuracy: 1.0000 - loss: 0.0675
Epoch 104/200

[1m1/7[0m [32mâ”â”[0m[37mâ”â”â”â”â”â”â”â”â”â”â”â”â”â”â”â”â”â”[0m [1m0s[0m 31ms/step - accuracy: 1.0000 - loss: 0.0786
[1m7/7[0m [32mâ”â”â”â”â”â”â”â”â”â”â”â”â”â”â”â”â”â”â”â”[0m[37m[0m [1m0s[0m 3ms/step - accuracy: 0.9447 - loss: 0.1368 
Epoch 105/200

[1m1/7[0m [32mâ”â”[0m[37mâ”â”â”â”â”â”â”â”â”â”â”â”â”â”â”â”â”â”[0m [1m0s[0m 46ms/step - accuracy: 1.0000 - loss: 0.0846
[1m2/7[0m [32mâ”â”â”â”â”[0m[37mâ”â”â”â”â”â”â”â”â”â”â”â”â”â”â”[0m [1m0s[0m 5ms/step - accuracy: 0.9500 - loss: 0.1564 
[1m3/7[0m [32mâ”â”â”â”â”â”â”â”[0m[37mâ”â”â”â”â”â”â”â”â”â”â”â”[0m [1m0s[0m 3ms/step - accuracy: 0.9444 - loss: 0.1564 
[1m7/7[0m [32mâ”â”â”â”â”â”â”â”â”â”â”â”â”â”â”â”â”â”â”â”[0m[37m[0m [1m0s[0m 2ms/step - accuracy: 0.9322 - loss: 0.1537
Epoch 106/200

[1m1/7[0m [32mâ”â”[0m[37mâ”â”â”â”â”â”â”â”â”â”â”â”â”â”â”â”â”â”[0m [1m0s[0m 20ms/step - accuracy: 1.0000 - loss: 0.0770
[1m2/7[0m [32mâ”â”â”â”â”[0m[37mâ”â”â”â”â”â”â”â”â”â”â”â”â”â”â”[0m [1m0s[0m 16ms/step - accuracy: 1.0000 - loss: 0.0722
[1m3/7[0m [32mâ”â”â”â”â”â”â”â”[0m[37mâ”â”â”â”â”â”â”â”â”â”â”â”[0m [1m0s[0m 8ms/step - accuracy: 0.9778 - loss: 0.0905 
[1m7/7[0m [32mâ”â”â”â”â”â”â”â”â”â”â”â”â”â”â”â”â”â”â”â”[0m[37m[0m [1m0s[0m 3ms/step - accuracy: 0.9682 - loss: 0.0938
Epoch 107/200

[1m1/7[0m [32mâ”â”[0m[37mâ”â”â”â”â”â”â”â”â”â”â”â”â”â”â”â”â”â”[0m [1m0s[0m 47ms/step - accuracy: 1.0000 - loss: 0.0250
[1m2/7[0m [32mâ”â”â”â”â”[0m[37mâ”â”â”â”â”â”â”â”â”â”â”â”â”â”â”[0m [1m0s[0m 0s/step - accuracy: 1.0000 - loss: 0.0209  
[1m7/7[0m [32mâ”â”â”â”â”â”â”â”â”â”â”â”â”â”â”â”â”â”â”â”[0m[37m[0m [1m0s[0m 3ms/step - accuracy: 0.9878 - loss: 0.0584
Epoch 108/200

[1m2/7[0m [32mâ”â”â”â”â”[0m[37mâ”â”â”â”â”â”â”â”â”â”â”â”â”â”â”[0m [1m0s[0m 0s/step - accuracy: 0.9500 - loss: 0.1563
[1m1/7[0m [32mâ”â”[0m[37mâ”â”â”â”â”â”â”â”â”â”â”â”â”â”â”â”â”â”[0m [1m0s[0m 31ms/step - accuracy: 1.0000 - loss: 0.1563
[1m3/7[0m [32mâ”â”â”â”â”â”â”â”[0m[37mâ”â”â”â”â”â”â”â”â”â”â”â”[0m [1m0s[0m 0s/step - accuracy: 0.9444 - loss: 0.1671  
[1m7/7[0m [32mâ”â”â”â”â”â”â”â”â”â”â”â”â”â”â”â”â”â”â”â”[0m[37m[0m [1m0s[0m 3ms/step - accuracy: 0.9262 - loss: 0.2036
Epoch 109/200

[1m1/7[0m [32mâ”â”[0m[37mâ”â”â”â”â”â”â”â”â”â”â”â”â”â”â”â”â”â”[0m [1m0s[0m 31ms/step - accuracy: 0.8000 - loss: 0.3459
[1m2/7[0m [32mâ”â”â”â”â”[0m[37mâ”â”â”â”â”â”â”â”â”â”â”â”â”â”â”[0m [1m0s[0m 0s/step - accuracy: 0.8500 - loss: 0.2695  
[1m7/7[0m [32mâ”â”â”â”â”â”â”â”â”â”â”â”â”â”â”â”â”â”â”â”[0m[37m[0m [1m0s[0m 3ms/step - accuracy: 0.8962 - loss: 0.2269
Epoch 110/200

[1m2/7[0m [32mâ”â”â”â”â”[0m[37mâ”â”â”â”â”â”â”â”â”â”â”â”â”â”â”[0m [1m0s[0m 0s/step - accuracy: 1.0000 - loss: 0.0597
[1m1/7[0m [32mâ”â”[0m[37mâ”â”â”â”â”â”â”â”â”â”â”â”â”â”â”â”â”â”[0m [1m0s[0m 31ms/step - accuracy: 1.0000 - loss: 0.0597
[1m7/7[0m [32mâ”â”â”â”â”â”â”â”â”â”â”â”â”â”â”â”â”â”â”â”[0m[37m[0m [1m0s[0m 3ms/step - accuracy: 0.9682 - loss: 0.1220 
Epoch 111/200

[1m1/7[0m [32mâ”â”[0m[37mâ”â”â”â”â”â”â”â”â”â”â”â”â”â”â”â”â”â”[0m [1m0s[0m 31ms/step - accuracy: 1.0000 - loss: 0.0587
[1m7/7[0m [32mâ”â”â”â”â”â”â”â”â”â”â”â”â”â”â”â”â”â”â”â”[0m[37m[0m [1m0s[0m 3ms/step - accuracy: 0.9755 - loss: 0.0949 
Epoch 112/200

[1m1/7[0m [32mâ”â”[0m[37mâ”â”â”â”â”â”â”â”â”â”â”â”â”â”â”â”â”â”[0m [1m0s[0m 31ms/step - accuracy: 1.0000 - loss: 0.0373
[1m2/7[0m [32mâ”â”â”â”â”[0m[37mâ”â”â”â”â”â”â”â”â”â”â”â”â”â”â”[0m [1m0s[0m 0s/step - accuracy: 1.0000 - loss: 0.0587  
[1m3/7[0m [32mâ”â”â”â”â”â”â”â”[0m[37mâ”â”â”â”â”â”â”â”â”â”â”â”[0m [1m0s[0m 8ms/step - accuracy: 0.9778 - loss: 0.0587
[1m7/7[0m [32mâ”â”â”â”â”â”â”â”â”â”â”â”â”â”â”â”â”â”â”â”[0m[37m[0m [1m0s[0m 3ms/step - accuracy: 0.9682 - loss: 0.0687
Epoch 113/200

[1m1/7[0m [32mâ”â”[0m[37mâ”â”â”â”â”â”â”â”â”â”â”â”â”â”â”â”â”â”[0m [1m0s[0m 47ms/step - accuracy: 1.0000 - loss: 0.0105
[1m2/7[0m [32mâ”â”â”â”â”[0m[37mâ”â”â”â”â”â”â”â”â”â”â”â”â”â”â”[0m [1m0s[0m 0s/step - accuracy: 1.0000 - loss: 0.0159  
[1m7/7[0m [32mâ”â”â”â”â”â”â”â”â”â”â”â”â”â”â”â”â”â”â”â”[0m[37m[0m [1m0s[0m 3ms/step - accuracy: 0.9765 - loss: 0.0576
Epoch 114/200

[1m1/7[0m [32mâ”â”[0m[37mâ”â”â”â”â”â”â”â”â”â”â”â”â”â”â”â”â”â”[0m [1m0s[0m 47ms/step - accuracy: 1.0000 - loss: 0.1422
[1m2/7[0m [32mâ”â”â”â”â”[0m[37mâ”â”â”â”â”â”â”â”â”â”â”â”â”â”â”[0m [1m0s[0m 16ms/step - accuracy: 1.0000 - loss: 0.1166
[1m7/7[0m [32mâ”â”â”â”â”â”â”â”â”â”â”â”â”â”â”â”â”â”â”â”[0m[37m[0m [1m0s[0m 3ms/step - accuracy: 0.9765 - loss: 0.0931 
Epoch 115/200

[1m1/7[0m [32mâ”â”[0m[37mâ”â”â”â”â”â”â”â”â”â”â”â”â”â”â”â”â”â”[0m [1m0s[0m 146ms/step - accuracy: 1.0000 - loss: 0.0020
[1m2/7[0m [32mâ”â”â”â”â”[0m[37mâ”â”â”â”â”â”â”â”â”â”â”â”â”â”â”[0m [1m0s[0m 0s/step - accuracy: 1.0000 - loss: 0.0267   
[1m7/7[0m [32mâ”â”â”â”â”â”â”â”â”â”â”â”â”â”â”â”â”â”â”â”[0m[37m[0m [1m0s[0m 3ms/step - accuracy: 0.9765 - loss: 0.0767
Epoch 116/200

[1m1/7[0m [32mâ”â”[0m[37mâ”â”â”â”â”â”â”â”â”â”â”â”â”â”â”â”â”â”[0m [1m0s[0m 54ms/step - accuracy: 1.0000 - loss: 0.0063
[1m2/7[0m [32mâ”â”â”â”â”[0m[37mâ”â”â”â”â”â”â”â”â”â”â”â”â”â”â”[0m [1m0s[0m 0s/step - accuracy: 1.0000 - loss: 0.0057  
[1m3/7[0m [32mâ”â”â”â”â”â”â”â”[0m[37mâ”â”â”â”â”â”â”â”â”â”â”â”[0m [1m0s[0m 8ms/step - accuracy: 1.0000 - loss: 0.0057 
[1m7/7[0m [32mâ”â”â”â”â”â”â”â”â”â”â”â”â”â”â”â”â”â”â”â”[0m[37m[0m [1m0s[0m 3ms/step - accuracy: 1.0000 - loss: 0.0171
Epoch 117/200

[1m1/7[0m [32mâ”â”[0m[37mâ”â”â”â”â”â”â”â”â”â”â”â”â”â”â”â”â”â”[0m [1m0s[0m 47ms/step - accuracy: 1.0000 - loss: 0.0276
[1m7/7[0m [32mâ”â”â”â”â”â”â”â”â”â”â”â”â”â”â”â”â”â”â”â”[0m[37m[0m [1m0s[0m 3ms/step - accuracy: 0.9878 - loss: 0.0551 
Epoch 118/200

[1m1/7[0m [32mâ”â”[0m[37mâ”â”â”â”â”â”â”â”â”â”â”â”â”â”â”â”â”â”[0m [1m0s[0m 31ms/step - accuracy: 0.8000 - loss: 0.2734
[1m2/7[0m [32mâ”â”â”â”â”[0m[37mâ”â”â”â”â”â”â”â”â”â”â”â”â”â”â”[0m [1m0s[0m 0s/step - accuracy: 0.8500 - loss: 0.1731  
[1m3/7[0m [32mâ”â”â”â”â”â”â”â”[0m[37mâ”â”â”â”â”â”â”â”â”â”â”â”[0m [1m0s[0m 8ms/step - accuracy: 0.8778 - loss: 0.1513
[1m7/7[0m [32mâ”â”â”â”â”â”â”â”â”â”â”â”â”â”â”â”â”â”â”â”[0m[37m[0m [1m0s[0m 3ms/step - accuracy: 0.9307 - loss: 0.1092
Epoch 119/200

[1m1/7[0m [32mâ”â”[0m[37mâ”â”â”â”â”â”â”â”â”â”â”â”â”â”â”â”â”â”[0m [1m0s[0m 31ms/step - accuracy: 1.0000 - loss: 0.0042
[1m2/7[0m [32mâ”â”â”â”â”[0m[37mâ”â”â”â”â”â”â”â”â”â”â”â”â”â”â”[0m [1m0s[0m 16ms/step - accuracy: 1.0000 - loss: 0.0498
[1m3/7[0m [32mâ”â”â”â”â”â”â”â”[0m[37mâ”â”â”â”â”â”â”â”â”â”â”â”[0m [1m0s[0m 8ms/step - accuracy: 1.0000 - loss: 0.0573 
[1m7/7[0m [32mâ”â”â”â”â”â”â”â”â”â”â”â”â”â”â”â”â”â”â”â”[0m[37m[0m [1m0s[0m 3ms/step - accuracy: 1.0000 - loss: 0.0499
Epoch 120/200

[1m1/7[0m [32mâ”â”[0m[37mâ”â”â”â”â”â”â”â”â”â”â”â”â”â”â”â”â”â”[0m [1m0s[0m 47ms/step - accuracy: 1.0000 - loss: 0.0271
[1m2/7[0m [32mâ”â”â”â”â”[0m[37mâ”â”â”â”â”â”â”â”â”â”â”â”â”â”â”[0m [1m0s[0m 0s/step - accuracy: 1.0000 - loss: 0.0357  
[1m7/7[0m [32mâ”â”â”â”â”â”â”â”â”â”â”â”â”â”â”â”â”â”â”â”[0m[37m[0m [1m0s[0m 0s/step - accuracy: 0.9919 - loss: 0.0552
Epoch 121/200

[1m1/7[0m [32mâ”â”[0m[37mâ”â”â”â”â”â”â”â”â”â”â”â”â”â”â”â”â”â”[0m [1m0s[0m 49ms/step - accuracy: 1.0000 - loss: 0.0013
[1m2/7[0m [32mâ”â”â”â”â”[0m[37mâ”â”â”â”â”â”â”â”â”â”â”â”â”â”â”[0m [1m0s[0m 0s/step - accuracy: 1.0000 - loss: 0.0314  
[1m4/7[0m [32mâ”â”â”â”â”â”â”â”â”â”â”[0m[37mâ”â”â”â”â”â”â”â”â”[0m [1m0s[0m 0s/step - accuracy: 1.0000 - loss: 0.0351  
[1m3/7[0m [32mâ”â”â”â”â”â”â”â”[0m[37mâ”â”â”â”â”â”â”â”â”â”â”â”[0m [1m0s[0m 0s/step - accuracy: 1.0000 - loss: 0.0369
[1m7/7[0m [32mâ”â”â”â”â”â”â”â”â”â”â”â”â”â”â”â”â”â”â”â”[0m[37m[0m [1m0s[0m 3ms/step - accuracy: 1.0000 - loss: 0.0489
Epoch 122/200

[1m1/7[0m [32mâ”â”[0m[37mâ”â”â”â”â”â”â”â”â”â”â”â”â”â”â”â”â”â”[0m [1m0s[0m 63ms/step - accuracy: 0.8000 - loss: 0.4257
[1m2/7[0m [32mâ”â”â”â”â”[0m[37mâ”â”â”â”â”â”â”â”â”â”â”â”â”â”â”[0m [1m0s[0m 0s/step - accuracy: 0.8500 - loss: 0.3458  
[1m7/7[0m [32mâ”â”â”â”â”â”â”â”â”â”â”â”â”â”â”â”â”â”â”â”[0m[37m[0m [1m0s[0m 3ms/step - accuracy: 0.9226 - loss: 0.2060
Epoch 123/200

[1m1/7[0m [32mâ”â”[0m[37mâ”â”â”â”â”â”â”â”â”â”â”â”â”â”â”â”â”â”[0m [1m0s[0m 47ms/step - accuracy: 0.8000 - loss: 0.3415
[1m2/7[0m [32mâ”â”â”â”â”[0m[37mâ”â”â”â”â”â”â”â”â”â”â”â”â”â”â”[0m [1m0s[0m 0s/step - accuracy: 0.8000 - loss: 0.2967  
[1m4/7[0m [32mâ”â”â”â”â”â”â”â”â”â”â”[0m[37mâ”â”â”â”â”â”â”â”â”[0m [1m0s[0m 0s/step - accuracy: 0.8417 - loss: 0.2645  
[1m3/7[0m [32mâ”â”â”â”â”â”â”â”[0m[37mâ”â”â”â”â”â”â”â”â”â”â”â”[0m [1m0s[0m 0s/step - accuracy: 0.8222 - loss: 0.2402
[1m7/7[0m [32mâ”â”â”â”â”â”â”â”â”â”â”â”â”â”â”â”â”â”â”â”[0m[37m[0m [1m0s[0m 0s/step - accuracy: 0.8864 - loss: 0.2008
Epoch 124/200

[1m1/7[0m [32mâ”â”[0m[37mâ”â”â”â”â”â”â”â”â”â”â”â”â”â”â”â”â”â”[0m [1m0s[0m 31ms/step - accuracy: 1.0000 - loss: 0.0376
[1m2/7[0m [32mâ”â”â”â”â”[0m[37mâ”â”â”â”â”â”â”â”â”â”â”â”â”â”â”[0m [1m0s[0m 0s/step - accuracy: 0.9500 - loss: 0.1123  
[1m3/7[0m [32mâ”â”â”â”â”â”â”â”[0m[37mâ”â”â”â”â”â”â”â”â”â”â”â”[0m [1m0s[0m 0s/step - accuracy: 0.9444 - loss: 0.1217
[1m7/7[0m [32mâ”â”â”â”â”â”â”â”â”â”â”â”â”â”â”â”â”â”â”â”[0m[37m[0m [1m0s[0m 3ms/step - accuracy: 0.9557 - loss: 0.1152
Epoch 125/200

[1m1/7[0m [32mâ”â”[0m[37mâ”â”â”â”â”â”â”â”â”â”â”â”â”â”â”â”â”â”[0m [1m0s[0m 31ms/step - accuracy: 0.8000 - loss: 0.2605
[1m2/7[0m [32mâ”â”â”â”â”[0m[37mâ”â”â”â”â”â”â”â”â”â”â”â”â”â”â”[0m [1m0s[0m 0s/step - accuracy: 0.8500 - loss: 0.2119  
[1m7/7[0m [32mâ”â”â”â”â”â”â”â”â”â”â”â”â”â”â”â”â”â”â”â”[0m[37m[0m [1m0s[0m 3ms/step - accuracy: 0.8989 - loss: 0.1998
Epoch 126/200

[1m1/7[0m [32mâ”â”[0m[37mâ”â”â”â”â”â”â”â”â”â”â”â”â”â”â”â”â”â”[0m [1m0s[0m 51ms/step - accuracy: 1.0000 - loss: 0.0390
[1m2/7[0m [32mâ”â”â”â”â”[0m[37mâ”â”â”â”â”â”â”â”â”â”â”â”â”â”â”[0m [1m0s[0m 3ms/step - accuracy: 1.0000 - loss: 0.0360 
[1m7/7[0m [32mâ”â”â”â”â”â”â”â”â”â”â”â”â”â”â”â”â”â”â”â”[0m[37m[0m [1m0s[0m 3ms/step - accuracy: 1.0000 - loss: 0.0384
Epoch 127/200

[1m1/7[0m [32mâ”â”[0m[37mâ”â”â”â”â”â”â”â”â”â”â”â”â”â”â”â”â”â”[0m [1m0s[0m 61ms/step - accuracy: 0.8000 - loss: 0.2495
[1m2/7[0m [32mâ”â”â”â”â”[0m[37mâ”â”â”â”â”â”â”â”â”â”â”â”â”â”â”[0m [1m0s[0m 0s/step - accuracy: 0.8500 - loss: 0.2030  
[1m7/7[0m [32mâ”â”â”â”â”â”â”â”â”â”â”â”â”â”â”â”â”â”â”â”[0m[37m[0m [1m0s[0m 3ms/step - accuracy: 0.9307 - loss: 0.1233
Epoch 128/200

[1m1/7[0m [32mâ”â”[0m[37mâ”â”â”â”â”â”â”â”â”â”â”â”â”â”â”â”â”â”[0m [1m0s[0m 47ms/step - accuracy: 1.0000 - loss: 0.0055
[1m2/7[0m [32mâ”â”â”â”â”[0m[37mâ”â”â”â”â”â”â”â”â”â”â”â”â”â”â”[0m [1m0s[0m 0s/step - accuracy: 1.0000 - loss: 0.0578  
[1m7/7[0m [32mâ”â”â”â”â”â”â”â”â”â”â”â”â”â”â”â”â”â”â”â”[0m[37m[0m [1m0s[0m 3ms/step - accuracy: 0.9878 - loss: 0.0882
Epoch 129/200

[1m1/7[0m [32mâ”â”[0m[37mâ”â”â”â”â”â”â”â”â”â”â”â”â”â”â”â”â”â”[0m [1m0s[0m 47ms/step - accuracy: 0.8000 - loss: 0.6505
[1m2/7[0m [32mâ”â”â”â”â”[0m[37mâ”â”â”â”â”â”â”â”â”â”â”â”â”â”â”[0m [1m0s[0m 0s/step - accuracy: 0.8500 - loss: 0.4080  
[1m3/7[0m [32mâ”â”â”â”â”â”â”â”[0m[37mâ”â”â”â”â”â”â”â”â”â”â”â”[0m [1m0s[0m 0s/step - accuracy: 0.8778 - loss: 0.4080  
[1m7/7[0m [32mâ”â”â”â”â”â”â”â”â”â”â”â”â”â”â”â”â”â”â”â”[0m[37m[0m [1m0s[0m 0s/step - accuracy: 0.9226 - loss: 0.2720
Epoch 130/200

[1m1/7[0m [32mâ”â”[0m[37mâ”â”â”â”â”â”â”â”â”â”â”â”â”â”â”â”â”â”[0m [1m0s[0m 62ms/step - accuracy: 1.0000 - loss: 0.0810
[1m2/7[0m [32mâ”â”â”â”â”[0m[37mâ”â”â”â”â”â”â”â”â”â”â”â”â”â”â”[0m [1m0s[0m 0s/step - accuracy: 1.0000 - loss: 0.0691  
[1m3/7[0m [32mâ”â”â”â”â”â”â”â”[0m[37mâ”â”â”â”â”â”â”â”â”â”â”â”[0m [1m0s[0m 0s/step - accuracy: 1.0000 - loss: 0.0691
[1m7/7[0m [32mâ”â”â”â”â”â”â”â”â”â”â”â”â”â”â”â”â”â”â”â”[0m[37m[0m [1m0s[0m 3ms/step - accuracy: 1.0000 - loss: 0.0654
Epoch 131/200

[1m1/7[0m [32mâ”â”[0m[37mâ”â”â”â”â”â”â”â”â”â”â”â”â”â”â”â”â”â”[0m [1m0s[0m 31ms/step - accuracy: 0.8000 - loss: 0.4686
[1m2/7[0m [32mâ”â”â”â”â”[0m[37mâ”â”â”â”â”â”â”â”â”â”â”â”â”â”â”[0m [1m0s[0m 0s/step - accuracy: 0.8500 - loss: 0.3531  
[1m7/7[0m [32mâ”â”â”â”â”â”â”â”â”â”â”â”â”â”â”â”â”â”â”â”[0m[37m[0m [1m0s[0m 3ms/step - accuracy: 0.9185 - loss: 0.1941
Epoch 132/200

[1m1/7[0m [32mâ”â”[0m[37mâ”â”â”â”â”â”â”â”â”â”â”â”â”â”â”â”â”â”[0m [1m0s[0m 31ms/step - accuracy: 0.8000 - loss: 0.5481
[1m2/7[0m [32mâ”â”â”â”â”[0m[37mâ”â”â”â”â”â”â”â”â”â”â”â”â”â”â”[0m [1m0s[0m 0s/step - accuracy: 0.8500 - loss: 0.3571
[1m3/7[0m [32mâ”â”â”â”â”â”â”â”[0m[37mâ”â”â”â”â”â”â”â”â”â”â”â”[0m [1m0s[0m 0s/step - accuracy: 0.8778 - loss: 0.3144
[1m4/7[0m [32mâ”â”â”â”â”â”â”â”â”â”â”[0m[37mâ”â”â”â”â”â”â”â”â”[0m [1m0s[0m 0s/step - accuracy: 0.8958 - loss: 0.2991
[1m7/7[0m [32mâ”â”â”â”â”â”â”â”â”â”â”â”â”â”â”â”â”â”â”â”[0m[37m[0m [1m0s[0m 3ms/step - accuracy: 0.9135 - loss: 0.2603
Epoch 133/200

[1m1/7[0m [32mâ”â”[0m[37mâ”â”â”â”â”â”â”â”â”â”â”â”â”â”â”â”â”â”[0m [1m0s[0m 47ms/step - accuracy: 1.0000 - loss: 0.0572
[1m2/7[0m [32mâ”â”â”â”â”[0m[37mâ”â”â”â”â”â”â”â”â”â”â”â”â”â”â”[0m [1m0s[0m 0s/step - accuracy: 0.9500 - loss: 0.1289  
[1m7/7[0m [32mâ”â”â”â”â”â”â”â”â”â”â”â”â”â”â”â”â”â”â”â”[0m[37m[0m [1m0s[0m 3ms/step - accuracy: 0.9557 - loss: 0.1301
Epoch 134/200

[1m1/7[0m [32mâ”â”[0m[37mâ”â”â”â”â”â”â”â”â”â”â”â”â”â”â”â”â”â”[0m [1m0s[0m 47ms/step - accuracy: 1.0000 - loss: 0.1603
[1m2/7[0m [32mâ”â”â”â”â”[0m[37mâ”â”â”â”â”â”â”â”â”â”â”â”â”â”â”[0m [1m0s[0m 0s/step - accuracy: 1.0000 - loss: 0.1335  
[1m7/7[0m [32mâ”â”â”â”â”â”â”â”â”â”â”â”â”â”â”â”â”â”â”â”[0m[37m[0m [1m0s[0m 5ms/step - accuracy: 0.9512 - loss: 0.1776
Epoch 135/200

[1m1/7[0m [32mâ”â”[0m[37mâ”â”â”â”â”â”â”â”â”â”â”â”â”â”â”â”â”â”[0m [1m0s[0m 50ms/step - accuracy: 0.8000 - loss: 0.4933
[1m2/7[0m [32mâ”â”â”â”â”[0m[37mâ”â”â”â”â”â”â”â”â”â”â”â”â”â”â”[0m [1m0s[0m 0s/step - accuracy: 0.8500 - loss: 0.3221  
[1m7/7[0m [32mâ”â”â”â”â”â”â”â”â”â”â”â”â”â”â”â”â”â”â”â”[0m[37m[0m [1m0s[0m 3ms/step - accuracy: 0.9307 - loss: 0.2152
Epoch 136/200

[1m2/7[0m [32mâ”â”â”â”â”[0m[37mâ”â”â”â”â”â”â”â”â”â”â”â”â”â”â”[0m [1m0s[0m 0s/step - accuracy: 1.0000 - loss: 0.0916
[1m1/7[0m [32mâ”â”[0m[37mâ”â”â”â”â”â”â”â”â”â”â”â”â”â”â”â”â”â”[0m [1m0s[0m 31ms/step - accuracy: 1.0000 - loss: 0.0843
[1m3/7[0m [32mâ”â”â”â”â”â”â”â”[0m[37mâ”â”â”â”â”â”â”â”â”â”â”â”[0m [1m0s[0m 0s/step - accuracy: 1.0000 - loss: 0.0976  
[1m7/7[0m [32mâ”â”â”â”â”â”â”â”â”â”â”â”â”â”â”â”â”â”â”â”[0m[37m[0m [1m0s[0m 3ms/step - accuracy: 1.0000 - loss: 0.1097
Epoch 137/200

[1m1/7[0m [32mâ”â”[0m[37mâ”â”â”â”â”â”â”â”â”â”â”â”â”â”â”â”â”â”[0m [1m0s[0m 31ms/step - accuracy: 1.0000 - loss: 0.1226
[1m2/7[0m [32mâ”â”â”â”â”[0m[37mâ”â”â”â”â”â”â”â”â”â”â”â”â”â”â”[0m [1m0s[0m 16ms/step - accuracy: 1.0000 - loss: 0.0997
[1m7/7[0m [32mâ”â”â”â”â”â”â”â”â”â”â”â”â”â”â”â”â”â”â”â”[0m[37m[0m [1m0s[0m 3ms/step - accuracy: 0.9878 - loss: 0.0914 
Epoch 138/200

[1m2/7[0m [32mâ”â”â”â”â”[0m[37mâ”â”â”â”â”â”â”â”â”â”â”â”â”â”â”[0m [1m0s[0m 16ms/step - accuracy: 0.7000 - loss: 0.4772
[1m3/7[0m [32mâ”â”â”â”â”â”â”â”[0m[37mâ”â”â”â”â”â”â”â”â”â”â”â”[0m [1m0s[0m 8ms/step - accuracy: 0.7556 - loss: 0.4772 
[1m1/7[0m [32mâ”â”[0m[37mâ”â”â”â”â”â”â”â”â”â”â”â”â”â”â”â”â”â”[0m [1m0s[0m 31ms/step - accuracy: 0.6000 - loss: 0.7461
[1m7/7[0m [32mâ”â”â”â”â”â”â”â”â”â”â”â”â”â”â”â”â”â”â”â”[0m[37m[0m [1m0s[0m 3ms/step - accuracy: 0.8614 - loss: 0.3194 
Epoch 139/200

[1m3/7[0m [32mâ”â”â”â”â”â”â”â”[0m[37mâ”â”â”â”â”â”â”â”â”â”â”â”[0m [1m0s[0m 0s/step - accuracy: 0.8889 - loss: 0.2333
[1m2/7[0m [32mâ”â”â”â”â”[0m[37mâ”â”â”â”â”â”â”â”â”â”â”â”â”â”â”[0m [1m0s[0m 0s/step - accuracy: 0.9000 - loss: 0.2333
[1m1/7[0m [32mâ”â”[0m[37mâ”â”â”â”â”â”â”â”â”â”â”â”â”â”â”â”â”â”[0m [1m0s[0m 47ms/step - accuracy: 1.0000 - loss: 0.1616
[1m7/7[0m [32mâ”â”â”â”â”â”â”â”â”â”â”â”â”â”â”â”â”â”â”â”[0m[37m[0m [1m0s[0m 3ms/step - accuracy: 0.9114 - loss: 0.1735 
Epoch 140/200

[1m1/7[0m [32mâ”â”[0m[37mâ”â”â”â”â”â”â”â”â”â”â”â”â”â”â”â”â”â”[0m [1m0s[0m 31ms/step - accuracy: 1.0000 - loss: 0.1260
[1m2/7[0m [32mâ”â”â”â”â”[0m[37mâ”â”â”â”â”â”â”â”â”â”â”â”â”â”â”[0m [1m0s[0m 0s/step - accuracy: 1.0000 - loss: 0.1042  
[1m3/7[0m [32mâ”â”â”â”â”â”â”â”[0m[37mâ”â”â”â”â”â”â”â”â”â”â”â”[0m [1m0s[0m 0s/step - accuracy: 1.0000 - loss: 0.1042
[1m7/7[0m [32mâ”â”â”â”â”â”â”â”â”â”â”â”â”â”â”â”â”â”â”â”[0m[37m[0m [1m0s[0m 3ms/step - accuracy: 1.0000 - loss: 0.0924
Epoch 141/200

[1m1/7[0m [32mâ”â”[0m[37mâ”â”â”â”â”â”â”â”â”â”â”â”â”â”â”â”â”â”[0m [1m0s[0m 105ms/step - accuracy: 0.8000 - loss: 0.1539
[1m2/7[0m [32mâ”â”â”â”â”[0m[37mâ”â”â”â”â”â”â”â”â”â”â”â”â”â”â”[0m [1m0s[0m 3ms/step - accuracy: 0.8500 - loss: 0.1326  
[1m7/7[0m [32mâ”â”â”â”â”â”â”â”â”â”â”â”â”â”â”â”â”â”â”â”[0m[37m[0m [1m0s[0m 3ms/step - accuracy: 0.9307 - loss: 0.0852
Epoch 142/200

[1m1/7[0m [32mâ”â”[0m[37mâ”â”â”â”â”â”â”â”â”â”â”â”â”â”â”â”â”â”[0m [1m0s[0m 124ms/step - accuracy: 1.0000 - loss: 0.0464
[1m2/7[0m [32mâ”â”â”â”â”[0m[37mâ”â”â”â”â”â”â”â”â”â”â”â”â”â”â”[0m [1m0s[0m 0s/step - accuracy: 1.0000 - loss: 0.0714   
[1m7/7[0m [32mâ”â”â”â”â”â”â”â”â”â”â”â”â”â”â”â”â”â”â”â”[0m[37m[0m [1m0s[0m 3ms/step - accuracy: 0.9682 - loss: 0.0857
Epoch 143/200

[1m1/7[0m [32mâ”â”[0m[37mâ”â”â”â”â”â”â”â”â”â”â”â”â”â”â”â”â”â”[0m [1m0s[0m 31ms/step - accuracy: 1.0000 - loss: 0.0150
[1m2/7[0m [32mâ”â”â”â”â”[0m[37mâ”â”â”â”â”â”â”â”â”â”â”â”â”â”â”[0m [1m0s[0m 16ms/step - accuracy: 1.0000 - loss: 0.0360
[1m7/7[0m [32mâ”â”â”â”â”â”â”â”â”â”â”â”â”â”â”â”â”â”â”â”[0m[37m[0m [1m0s[0m 3ms/step - accuracy: 1.0000 - loss: 0.0573 
Epoch 144/200

[1m1/7[0m [32mâ”â”[0m[37mâ”â”â”â”â”â”â”â”â”â”â”â”â”â”â”â”â”â”[0m [1m0s[0m 47ms/step - accuracy: 1.0000 - loss: 0.0088
[1m2/7[0m [32mâ”â”â”â”â”[0m[37mâ”â”â”â”â”â”â”â”â”â”â”â”â”â”â”[0m [1m0s[0m 0s/step - accuracy: 1.0000 - loss: 0.0273  
[1m7/7[0m [32mâ”â”â”â”â”â”â”â”â”â”â”â”â”â”â”â”â”â”â”â”[0m[37m[0m [1m0s[0m 0s/step - accuracy: 0.9878 - loss: 0.0495
Epoch 145/200

[1m2/7[0m [32mâ”â”â”â”â”[0m[37mâ”â”â”â”â”â”â”â”â”â”â”â”â”â”â”[0m [1m0s[0m 2ms/step - accuracy: 0.8500 - loss: 0.2243
[1m1/7[0m [32mâ”â”[0m[37mâ”â”â”â”â”â”â”â”â”â”â”â”â”â”â”â”â”â”[0m [1m0s[0m 60ms/step - accuracy: 0.8000 - loss: 0.2243
[1m7/7[0m [32mâ”â”â”â”â”â”â”â”â”â”â”â”â”â”â”â”â”â”â”â”[0m[37m[0m [1m0s[0m 2ms/step - accuracy: 0.8900 - loss: 0.1702 
Epoch 146/200

[1m1/7[0m [32mâ”â”[0m[37mâ”â”â”â”â”â”â”â”â”â”â”â”â”â”â”â”â”â”[0m [1m0s[0m 23ms/step - accuracy: 0.8000 - loss: 0.3034
[1m2/7[0m [32mâ”â”â”â”â”[0m[37mâ”â”â”â”â”â”â”â”â”â”â”â”â”â”â”[0m [1m0s[0m 0s/step - accuracy: 0.8500 - loss: 0.2705  
[1m3/7[0m [32mâ”â”â”â”â”â”â”â”[0m[37mâ”â”â”â”â”â”â”â”â”â”â”â”[0m [1m0s[0m 0s/step - accuracy: 0.8556 - loss: 0.2705  
[1m7/7[0m [32mâ”â”â”â”â”â”â”â”â”â”â”â”â”â”â”â”â”â”â”â”[0m[37m[0m [1m0s[0m 3ms/step - accuracy: 0.8989 - loss: 0.2093
Epoch 147/200

[1m1/7[0m [32mâ”â”[0m[37mâ”â”â”â”â”â”â”â”â”â”â”â”â”â”â”â”â”â”[0m [1m0s[0m 31ms/step - accuracy: 0.8000 - loss: 0.4284
[1m2/7[0m [32mâ”â”â”â”â”[0m[37mâ”â”â”â”â”â”â”â”â”â”â”â”â”â”â”[0m [1m0s[0m 16ms/step - accuracy: 0.8000 - loss: 0.4284
[1m7/7[0m [32mâ”â”â”â”â”â”â”â”â”â”â”â”â”â”â”â”â”â”â”â”[0m[37m[0m [1m0s[0m 3ms/step - accuracy: 0.8864 - loss: 0.2366 
Epoch 148/200

[1m1/7[0m [32mâ”â”[0m[37mâ”â”â”â”â”â”â”â”â”â”â”â”â”â”â”â”â”â”[0m [1m0s[0m 47ms/step - accuracy: 1.0000 - loss: 0.0073
[1m2/7[0m [32mâ”â”â”â”â”[0m[37mâ”â”â”â”â”â”â”â”â”â”â”â”â”â”â”[0m [1m0s[0m 0s/step - accuracy: 0.9000 - loss: 0.1523  
[1m7/7[0m [32mâ”â”â”â”â”â”â”â”â”â”â”â”â”â”â”â”â”â”â”â”[0m[37m[0m [1m0s[0m 0s/step - accuracy: 0.8991 - loss: 0.1394
Epoch 149/200

[1m1/7[0m [32mâ”â”[0m[37mâ”â”â”â”â”â”â”â”â”â”â”â”â”â”â”â”â”â”[0m [1m0s[0m 47ms/step - accuracy: 1.0000 - loss: 0.0028
[1m2/7[0m [32mâ”â”â”â”â”[0m[37mâ”â”â”â”â”â”â”â”â”â”â”â”â”â”â”[0m [1m0s[0m 0s/step - accuracy: 1.0000 - loss: 0.0293  
[1m7/7[0m [32mâ”â”â”â”â”â”â”â”â”â”â”â”â”â”â”â”â”â”â”â”[0m[37m[0m [1m0s[0m 4ms/step - accuracy: 0.9682 - loss: 0.0918
Epoch 150/200

[1m1/7[0m [32mâ”â”[0m[37mâ”â”â”â”â”â”â”â”â”â”â”â”â”â”â”â”â”â”[0m [1m0s[0m 49ms/step - accuracy: 0.8000 - loss: 0.1796
[1m2/7[0m [32mâ”â”â”â”â”[0m[37mâ”â”â”â”â”â”â”â”â”â”â”â”â”â”â”[0m [1m0s[0m 0s/step - accuracy: 0.8000 - loss: 0.1674  
[1m7/7[0m [32mâ”â”â”â”â”â”â”â”â”â”â”â”â”â”â”â”â”â”â”â”[0m[37m[0m [1m0s[0m 3ms/step - accuracy: 0.8864 - loss: 0.1108
Epoch 151/200

[1m1/7[0m [32mâ”â”[0m[37mâ”â”â”â”â”â”â”â”â”â”â”â”â”â”â”â”â”â”[0m [1m0s[0m 47ms/step - accuracy: 0.8000 - loss: 0.2198
[1m2/7[0m [32mâ”â”â”â”â”[0m[37mâ”â”â”â”â”â”â”â”â”â”â”â”â”â”â”[0m [1m0s[0m 0s/step - accuracy: 0.8500 - loss: 0.1772  
[1m3/7[0m [32mâ”â”â”â”â”â”â”â”[0m[37mâ”â”â”â”â”â”â”â”â”â”â”â”[0m [1m0s[0m 0s/step - accuracy: 0.8778 - loss: 0.1341
[1m7/7[0m [32mâ”â”â”â”â”â”â”â”â”â”â”â”â”â”â”â”â”â”â”â”[0m[37m[0m [1m0s[0m 3ms/step - accuracy: 0.9185 - loss: 0.1267
Epoch 152/200

[1m1/7[0m [32mâ”â”[0m[37mâ”â”â”â”â”â”â”â”â”â”â”â”â”â”â”â”â”â”[0m [1m0s[0m 55ms/step - accuracy: 1.0000 - loss: 0.1019
[1m3/7[0m [32mâ”â”â”â”â”â”â”â”[0m[37mâ”â”â”â”â”â”â”â”â”â”â”â”[0m [1m0s[0m 0s/step - accuracy: 1.0000 - loss: 0.0857  
[1m2/7[0m [32mâ”â”â”â”â”[0m[37mâ”â”â”â”â”â”â”â”â”â”â”â”â”â”â”[0m [1m0s[0m 0s/step - accuracy: 1.0000 - loss: 0.0857
[1m7/7[0m [32mâ”â”â”â”â”â”â”â”â”â”â”â”â”â”â”â”â”â”â”â”[0m[37m[0m [1m0s[0m 0s/step - accuracy: 0.9828 - loss: 0.0866
Epoch 153/200

[1m1/7[0m [32mâ”â”[0m[37mâ”â”â”â”â”â”â”â”â”â”â”â”â”â”â”â”â”â”[0m [1m0s[0m 31ms/step - accuracy: 1.0000 - loss: 0.0257
[1m2/7[0m [32mâ”â”â”â”â”[0m[37mâ”â”â”â”â”â”â”â”â”â”â”â”â”â”â”[0m [1m0s[0m 0s/step - accuracy: 0.9500 - loss: 0.0844  
[1m7/7[0m [32mâ”â”â”â”â”â”â”â”â”â”â”â”â”â”â”â”â”â”â”â”[0m[37m[0m [1m0s[0m 0s/step - accuracy: 0.8832 - loss: 0.1332
Epoch 154/200

[1m1/7[0m [32mâ”â”[0m[37mâ”â”â”â”â”â”â”â”â”â”â”â”â”â”â”â”â”â”[0m [1m0s[0m 63ms/step - accuracy: 1.0000 - loss: 0.1196
[1m2/7[0m [32mâ”â”â”â”â”[0m[37mâ”â”â”â”â”â”â”â”â”â”â”â”â”â”â”[0m [1m0s[0m 0s/step - accuracy: 1.0000 - loss: 0.1048  
[1m3/7[0m [32mâ”â”â”â”â”â”â”â”[0m[37mâ”â”â”â”â”â”â”â”â”â”â”â”[0m [1m0s[0m 0s/step - accuracy: 1.0000 - loss: 0.0931
[1m4/7[0m [32mâ”â”â”â”â”â”â”â”â”â”â”[0m[37mâ”â”â”â”â”â”â”â”â”[0m [1m0s[0m 0s/step - accuracy: 1.0000 - loss: 0.0931
[1m7/7[0m [32mâ”â”â”â”â”â”â”â”â”â”â”â”â”â”â”â”â”â”â”â”[0m[37m[0m [1m0s[0m 3ms/step - accuracy: 1.0000 - loss: 0.0772
Epoch 155/200

[1m1/7[0m [32mâ”â”[0m[37mâ”â”â”â”â”â”â”â”â”â”â”â”â”â”â”â”â”â”[0m [1m0s[0m 31ms/step - accuracy: 1.0000 - loss: 0.0038
[1m7/7[0m [32mâ”â”â”â”â”â”â”â”â”â”â”â”â”â”â”â”â”â”â”â”[0m[37m[0m [1m0s[0m 5ms/step - accuracy: 0.9200 - loss: 0.1461 
Epoch 156/200

[1m1/7[0m [32mâ”â”[0m[37mâ”â”â”â”â”â”â”â”â”â”â”â”â”â”â”â”â”â”[0m [1m0s[0m 30ms/step - accuracy: 1.0000 - loss: 0.0059
[1m2/7[0m [32mâ”â”â”â”â”[0m[37mâ”â”â”â”â”â”â”â”â”â”â”â”â”â”â”[0m [1m0s[0m 0s/step - accuracy: 1.0000 - loss: 0.0462  
[1m3/7[0m [32mâ”â”â”â”â”â”â”â”[0m[37mâ”â”â”â”â”â”â”â”â”â”â”â”[0m [1m0s[0m 0s/step - accuracy: 1.0000 - loss: 0.0487
[1m7/7[0m [32mâ”â”â”â”â”â”â”â”â”â”â”â”â”â”â”â”â”â”â”â”[0m[37m[0m [1m0s[0m 3ms/step - accuracy: 0.9828 - loss: 0.0611
Epoch 157/200

[1m1/7[0m [32mâ”â”[0m[37mâ”â”â”â”â”â”â”â”â”â”â”â”â”â”â”â”â”â”[0m [1m0s[0m 31ms/step - accuracy: 0.8000 - loss: 0.3984
[1m2/7[0m [32mâ”â”â”â”â”[0m[37mâ”â”â”â”â”â”â”â”â”â”â”â”â”â”â”[0m [1m0s[0m 0s/step - accuracy: 0.8500 - loss: 0.3109
[1m3/7[0m [32mâ”â”â”â”â”â”â”â”[0m[37mâ”â”â”â”â”â”â”â”â”â”â”â”[0m [1m0s[0m 0s/step - accuracy: 0.8778 - loss: 0.2660
[1m7/7[0m [32mâ”â”â”â”â”â”â”â”â”â”â”â”â”â”â”â”â”â”â”â”[0m[37m[0m [1m0s[0m 3ms/step - accuracy: 0.9135 - loss: 0.1858
Epoch 158/200

[1m1/7[0m [32mâ”â”[0m[37mâ”â”â”â”â”â”â”â”â”â”â”â”â”â”â”â”â”â”[0m [1m0s[0m 31ms/step - accuracy: 1.0000 - loss: 0.0352
[1m2/7[0m [32mâ”â”â”â”â”[0m[37mâ”â”â”â”â”â”â”â”â”â”â”â”â”â”â”[0m [1m0s[0m 0s/step - accuracy: 1.0000 - loss: 0.0329  
[1m3/7[0m [32mâ”â”â”â”â”â”â”â”[0m[37mâ”â”â”â”â”â”â”â”â”â”â”â”[0m [1m0s[0m 0s/step - accuracy: 1.0000 - loss: 0.0336
[1m7/7[0m [32mâ”â”â”â”â”â”â”â”â”â”â”â”â”â”â”â”â”â”â”â”[0m[37m[0m [1m0s[0m 3ms/step - accuracy: 0.9878 - loss: 0.0390
Epoch 159/200

[1m1/7[0m [32mâ”â”[0m[37mâ”â”â”â”â”â”â”â”â”â”â”â”â”â”â”â”â”â”[0m [1m0s[0m 47ms/step - accuracy: 1.0000 - loss: 0.1114
[1m2/7[0m [32mâ”â”â”â”â”[0m[37mâ”â”â”â”â”â”â”â”â”â”â”â”â”â”â”[0m [1m0s[0m 0s/step - accuracy: 1.0000 - loss: 0.0704  
[1m7/7[0m [32mâ”â”â”â”â”â”â”â”â”â”â”â”â”â”â”â”â”â”â”â”[0m[37m[0m [1m0s[0m 3ms/step - accuracy: 1.0000 - loss: 0.0654
Epoch 160/200

[1m1/7[0m [32mâ”â”[0m[37mâ”â”â”â”â”â”â”â”â”â”â”â”â”â”â”â”â”â”[0m [1m0s[0m 43ms/step - accuracy: 1.0000 - loss: 0.0070
[1m3/7[0m [32mâ”â”â”â”â”â”â”â”[0m[37mâ”â”â”â”â”â”â”â”â”â”â”â”[0m [1m0s[0m 0s/step - accuracy: 0.9556 - loss: 0.0661  
[1m2/7[0m [32mâ”â”â”â”â”[0m[37mâ”â”â”â”â”â”â”â”â”â”â”â”â”â”â”[0m [1m0s[0m 16ms/step - accuracy: 0.9417 - loss: 0.0671
[1m4/7[0m [32mâ”â”â”â”â”â”â”â”â”â”â”[0m[37mâ”â”â”â”â”â”â”â”â”[0m [1m0s[0m 5ms/step - accuracy: 0.9278 - loss: 0.0671
[1m7/7[0m [32mâ”â”â”â”â”â”â”â”â”â”â”â”â”â”â”â”â”â”â”â”[0m[37m[0m [1m0s[0m 3ms/step - accuracy: 0.9291 - loss: 0.0682
Epoch 161/200

[1m1/7[0m [32mâ”â”[0m[37mâ”â”â”â”â”â”â”â”â”â”â”â”â”â”â”â”â”â”[0m [1m0s[0m 47ms/step - accuracy: 1.0000 - loss: 0.0477
[1m2/7[0m [32mâ”â”â”â”â”[0m[37mâ”â”â”â”â”â”â”â”â”â”â”â”â”â”â”[0m [1m0s[0m 0s/step - accuracy: 0.9500 - loss: 0.0532  
[1m3/7[0m [32mâ”â”â”â”â”â”â”â”[0m[37mâ”â”â”â”â”â”â”â”â”â”â”â”[0m [1m0s[0m 8ms/step - accuracy: 0.9444 - loss: 0.0521
[1m7/7[0m [32mâ”â”â”â”â”â”â”â”â”â”â”â”â”â”â”â”â”â”â”â”[0m[37m[0m [1m0s[0m 3ms/step - accuracy: 0.9557 - loss: 0.0623
Epoch 162/200

[1m1/7[0m [32mâ”â”[0m[37mâ”â”â”â”â”â”â”â”â”â”â”â”â”â”â”â”â”â”[0m [1m0s[0m 63ms/step - accuracy: 0.6000 - loss: 0.5401
[1m2/7[0m [32mâ”â”â”â”â”[0m[37mâ”â”â”â”â”â”â”â”â”â”â”â”â”â”â”[0m [1m0s[0m 0s/step - accuracy: 0.7000 - loss: 0.3323  
[1m7/7[0m [32mâ”â”â”â”â”â”â”â”â”â”â”â”â”â”â”â”â”â”â”â”[0m[37m[0m [1m0s[0m 3ms/step - accuracy: 0.8491 - loss: 0.2152
Epoch 163/200

[1m1/7[0m [32mâ”â”[0m[37mâ”â”â”â”â”â”â”â”â”â”â”â”â”â”â”â”â”â”[0m [1m0s[0m 48ms/step - accuracy: 1.0000 - loss: 0.0887
[1m2/7[0m [32mâ”â”â”â”â”[0m[37mâ”â”â”â”â”â”â”â”â”â”â”â”â”â”â”[0m [1m0s[0m 2ms/step - accuracy: 1.0000 - loss: 0.0590 
[1m3/7[0m [32mâ”â”â”â”â”â”â”â”[0m[37mâ”â”â”â”â”â”â”â”â”â”â”â”[0m [1m0s[0m 3ms/step - accuracy: 1.0000 - loss: 0.0590
[1m7/7[0m [32mâ”â”â”â”â”â”â”â”â”â”â”â”â”â”â”â”â”â”â”â”[0m[37m[0m [1m0s[0m 2ms/step - accuracy: 1.0000 - loss: 0.0605
Epoch 164/200

[1m1/7[0m [32mâ”â”[0m[37mâ”â”â”â”â”â”â”â”â”â”â”â”â”â”â”â”â”â”[0m [1m0s[0m 29ms/step - accuracy: 1.0000 - loss: 0.0326
[1m2/7[0m [32mâ”â”â”â”â”[0m[37mâ”â”â”â”â”â”â”â”â”â”â”â”â”â”â”[0m [1m0s[0m 0s/step - accuracy: 1.0000 - loss: 0.0419  
[1m3/7[0m [32mâ”â”â”â”â”â”â”â”[0m[37mâ”â”â”â”â”â”â”â”â”â”â”â”[0m [1m0s[0m 0s/step - accuracy: 1.0000 - loss: 0.0419
[1m4/7[0m [32mâ”â”â”â”â”â”â”â”â”â”â”[0m[37mâ”â”â”â”â”â”â”â”â”[0m [1m0s[0m 0s/step - accuracy: 1.0000 - loss: 0.0424
[1m7/7[0m [32mâ”â”â”â”â”â”â”â”â”â”â”â”â”â”â”â”â”â”â”â”[0m[37m[0m [1m0s[0m 3ms/step - accuracy: 1.0000 - loss: 0.0445
Epoch 165/200

[1m1/7[0m [32mâ”â”[0m[37mâ”â”â”â”â”â”â”â”â”â”â”â”â”â”â”â”â”â”[0m [1m0s[0m 31ms/step - accuracy: 1.0000 - loss: 0.0014
[1m2/7[0m [32mâ”â”â”â”â”[0m[37mâ”â”â”â”â”â”â”â”â”â”â”â”â”â”â”[0m [1m0s[0m 0s/step - accuracy: 0.9500 - loss: 0.0433
[1m3/7[0m [32mâ”â”â”â”â”â”â”â”[0m[37mâ”â”â”â”â”â”â”â”â”â”â”â”[0m [1m0s[0m 0s/step - accuracy: 0.9222 - loss: 0.0837
[1m7/7[0m [32mâ”â”â”â”â”â”â”â”â”â”â”â”â”â”â”â”â”â”â”â”[0m[37m[0m [1m0s[0m 3ms/step - accuracy: 0.9239 - loss: 0.1045
Epoch 166/200

[1m1/7[0m [32mâ”â”[0m[37mâ”â”â”â”â”â”â”â”â”â”â”â”â”â”â”â”â”â”[0m [1m0s[0m 31ms/step - accuracy: 1.0000 - loss: 0.0108
[1m2/7[0m [32mâ”â”â”â”â”[0m[37mâ”â”â”â”â”â”â”â”â”â”â”â”â”â”â”[0m [1m0s[0m 0s/step - accuracy: 1.0000 - loss: 0.0223  
[1m3/7[0m [32mâ”â”â”â”â”â”â”â”[0m[37mâ”â”â”â”â”â”â”â”â”â”â”â”[0m [1m0s[0m 8ms/step - accuracy: 1.0000 - loss: 0.0213
[1m7/7[0m [32mâ”â”â”â”â”â”â”â”â”â”â”â”â”â”â”â”â”â”â”â”[0m[37m[0m [1m0s[0m 3ms/step - accuracy: 0.9878 - loss: 0.0882
Epoch 167/200

[1m3/7[0m [32mâ”â”â”â”â”â”â”â”[0m[37mâ”â”â”â”â”â”â”â”â”â”â”â”[0m [1m0s[0m 8ms/step - accuracy: 0.8889 - loss: 0.2316
[1m1/7[0m [32mâ”â”[0m[37mâ”â”â”â”â”â”â”â”â”â”â”â”â”â”â”â”â”â”[0m [1m0s[0m 31ms/step - accuracy: 0.8000 - loss: 0.4064
[1m2/7[0m [32mâ”â”â”â”â”[0m[37mâ”â”â”â”â”â”â”â”â”â”â”â”â”â”â”[0m [1m0s[0m 16ms/step - accuracy: 0.8917 - loss: 0.2316
[1m7/7[0m [32mâ”â”â”â”â”â”â”â”â”â”â”â”â”â”â”â”â”â”â”â”[0m[37m[0m [1m0s[0m 3ms/step - accuracy: 0.9439 - loss: 0.1291 
Epoch 168/200

[1m1/7[0m [32mâ”â”[0m[37mâ”â”â”â”â”â”â”â”â”â”â”â”â”â”â”â”â”â”[0m [1m0s[0m 47ms/step - accuracy: 1.0000 - loss: 0.0852
[1m2/7[0m [32mâ”â”â”â”â”[0m[37mâ”â”â”â”â”â”â”â”â”â”â”â”â”â”â”[0m [1m0s[0m 0s/step - accuracy: 1.0000 - loss: 0.0627  
[1m7/7[0m [32mâ”â”â”â”â”â”â”â”â”â”â”â”â”â”â”â”â”â”â”â”[0m[37m[0m [1m0s[0m 0s/step - accuracy: 0.9878 - loss: 0.0557
Epoch 169/200

[1m1/7[0m [32mâ”â”[0m[37mâ”â”â”â”â”â”â”â”â”â”â”â”â”â”â”â”â”â”[0m [1m0s[0m 47ms/step - accuracy: 0.8000 - loss: 0.3441
[1m2/7[0m [32mâ”â”â”â”â”[0m[37mâ”â”â”â”â”â”â”â”â”â”â”â”â”â”â”[0m [1m0s[0m 0s/step - accuracy: 0.8500 - loss: 0.3054
[1m4/7[0m [32mâ”â”â”â”â”â”â”â”â”â”â”[0m[37mâ”â”â”â”â”â”â”â”â”[0m [1m0s[0m 0s/step - accuracy: 0.8833 - loss: 0.2425
[1m3/7[0m [32mâ”â”â”â”â”â”â”â”[0m[37mâ”â”â”â”â”â”â”â”â”â”â”â”[0m [1m0s[0m 0s/step - accuracy: 0.8778 - loss: 0.2646
[1m7/7[0m [32mâ”â”â”â”â”â”â”â”â”â”â”â”â”â”â”â”â”â”â”â”[0m[37m[0m [1m0s[0m 0s/step - accuracy: 0.9072 - loss: 0.2094
Epoch 170/200

[1m1/7[0m [32mâ”â”[0m[37mâ”â”â”â”â”â”â”â”â”â”â”â”â”â”â”â”â”â”[0m [1m0s[0m 31ms/step - accuracy: 1.0000 - loss: 0.0415
[1m2/7[0m [32mâ”â”â”â”â”[0m[37mâ”â”â”â”â”â”â”â”â”â”â”â”â”â”â”[0m [1m0s[0m 0s/step - accuracy: 1.0000 - loss: 0.0330  
[1m7/7[0m [32mâ”â”â”â”â”â”â”â”â”â”â”â”â”â”â”â”â”â”â”â”[0m[37m[0m [1m0s[0m 4ms/step - accuracy: 0.9878 - loss: 0.0435
Epoch 171/200

[1m1/7[0m [32mâ”â”[0m[37mâ”â”â”â”â”â”â”â”â”â”â”â”â”â”â”â”â”â”[0m [1m0s[0m 62ms/step - accuracy: 1.0000 - loss: 0.0014
[1m2/7[0m [32mâ”â”â”â”â”[0m[37mâ”â”â”â”â”â”â”â”â”â”â”â”â”â”â”[0m [1m0s[0m 0s/step - accuracy: 1.0000 - loss: 0.0484  
[1m7/7[0m [32mâ”â”â”â”â”â”â”â”â”â”â”â”â”â”â”â”â”â”â”â”[0m[37m[0m [1m0s[0m 3ms/step - accuracy: 0.9447 - loss: 0.1113
Epoch 172/200

[1m1/7[0m [32mâ”â”[0m[37mâ”â”â”â”â”â”â”â”â”â”â”â”â”â”â”â”â”â”[0m [1m0s[0m 47ms/step - accuracy: 1.0000 - loss: 0.0035
[1m2/7[0m [32mâ”â”â”â”â”[0m[37mâ”â”â”â”â”â”â”â”â”â”â”â”â”â”â”[0m [1m0s[0m 0s/step - accuracy: 1.0000 - loss: 0.0165  
[1m3/7[0m [32mâ”â”â”â”â”â”â”â”[0m[37mâ”â”â”â”â”â”â”â”â”â”â”â”[0m [1m0s[0m 8ms/step - accuracy: 1.0000 - loss: 0.0225 
[1m7/7[0m [32mâ”â”â”â”â”â”â”â”â”â”â”â”â”â”â”â”â”â”â”â”[0m[37m[0m [1m0s[0m 3ms/step - accuracy: 0.9705 - loss: 0.0391
Epoch 173/200

[1m1/7[0m [32mâ”â”[0m[37mâ”â”â”â”â”â”â”â”â”â”â”â”â”â”â”â”â”â”[0m [1m0s[0m 47ms/step - accuracy: 1.0000 - loss: 0.0093
[1m2/7[0m [32mâ”â”â”â”â”[0m[37mâ”â”â”â”â”â”â”â”â”â”â”â”â”â”â”[0m [1m0s[0m 0s/step - accuracy: 0.9500 - loss: 0.1060  
[1m3/7[0m [32mâ”â”â”â”â”â”â”â”[0m[37mâ”â”â”â”â”â”â”â”â”â”â”â”[0m [1m0s[0m 0s/step - accuracy: 0.9444 - loss: 0.1060
[1m7/7[0m [32mâ”â”â”â”â”â”â”â”â”â”â”â”â”â”â”â”â”â”â”â”[0m[37m[0m [1m0s[0m 3ms/step - accuracy: 0.9435 - loss: 0.1360
Epoch 174/200

[1m1/7[0m [32mâ”â”[0m[37mâ”â”â”â”â”â”â”â”â”â”â”â”â”â”â”â”â”â”[0m [1m0s[0m 47ms/step - accuracy: 0.8000 - loss: 0.2137
[1m7/7[0m [32mâ”â”â”â”â”â”â”â”â”â”â”â”â”â”â”â”â”â”â”â”[0m[37m[0m [1m0s[0m 293us/step - accuracy: 0.9307 - loss: 0.0849
Epoch 175/200

[1m1/7[0m [32mâ”â”[0m[37mâ”â”â”â”â”â”â”â”â”â”â”â”â”â”â”â”â”â”[0m [1m0s[0m 30ms/step - accuracy: 1.0000 - loss: 0.0611
[1m2/7[0m [32mâ”â”â”â”â”[0m[37mâ”â”â”â”â”â”â”â”â”â”â”â”â”â”â”[0m [1m0s[0m 0s/step - accuracy: 0.9500 - loss: 0.1183  
[1m7/7[0m [32mâ”â”â”â”â”â”â”â”â”â”â”â”â”â”â”â”â”â”â”â”[0m[37m[0m [1m0s[0m 3ms/step - accuracy: 0.9435 - loss: 0.1003
Epoch 176/200

[1m1/7[0m [32mâ”â”[0m[37mâ”â”â”â”â”â”â”â”â”â”â”â”â”â”â”â”â”â”[0m [1m0s[0m 64ms/step - accuracy: 1.0000 - loss: 0.0089
[1m2/7[0m [32mâ”â”â”â”â”[0m[37mâ”â”â”â”â”â”â”â”â”â”â”â”â”â”â”[0m [1m0s[0m 2ms/step - accuracy: 0.9500 - loss: 0.0715
[1m7/7[0m [32mâ”â”â”â”â”â”â”â”â”â”â”â”â”â”â”â”â”â”â”â”[0m[37m[0m [1m0s[0m 1ms/step - accuracy: 0.9435 - loss: 0.0879
Epoch 177/200

[1m1/7[0m [32mâ”â”[0m[37mâ”â”â”â”â”â”â”â”â”â”â”â”â”â”â”â”â”â”[0m [1m0s[0m 46ms/step - accuracy: 1.0000 - loss: 0.1154
[1m2/7[0m [32mâ”â”â”â”â”[0m[37mâ”â”â”â”â”â”â”â”â”â”â”â”â”â”â”[0m [1m0s[0m 0s/step - accuracy: 1.0000 - loss: 0.0767  
[1m4/7[0m [32mâ”â”â”â”â”â”â”â”â”â”â”[0m[37mâ”â”â”â”â”â”â”â”â”[0m [1m0s[0m 0s/step - accuracy: 1.0000 - loss: 0.0710
[1m3/7[0m [32mâ”â”â”â”â”â”â”â”[0m[37mâ”â”â”â”â”â”â”â”â”â”â”â”[0m [1m0s[0m 0s/step - accuracy: 1.0000 - loss: 0.0710
[1m7/7[0m [32mâ”â”â”â”â”â”â”â”â”â”â”â”â”â”â”â”â”â”â”â”[0m[37m[0m [1m0s[0m 3ms/step - accuracy: 0.9878 - loss: 0.0881
Epoch 178/200

[1m1/7[0m [32mâ”â”[0m[37mâ”â”â”â”â”â”â”â”â”â”â”â”â”â”â”â”â”â”[0m [1m0s[0m 31ms/step - accuracy: 1.0000 - loss: 0.0793
[1m2/7[0m [32mâ”â”â”â”â”[0m[37mâ”â”â”â”â”â”â”â”â”â”â”â”â”â”â”[0m [1m0s[0m 0s/step - accuracy: 1.0000 - loss: 0.0615  
[1m7/7[0m [32mâ”â”â”â”â”â”â”â”â”â”â”â”â”â”â”â”â”â”â”â”[0m[37m[0m [1m0s[0m 3ms/step - accuracy: 0.9878 - loss: 0.0466
Epoch 179/200

[1m2/7[0m [32mâ”â”â”â”â”[0m[37mâ”â”â”â”â”â”â”â”â”â”â”â”â”â”â”[0m [1m0s[0m 0s/step - accuracy: 1.0000 - loss: 0.0083
[1m3/7[0m [32mâ”â”â”â”â”â”â”â”[0m[37mâ”â”â”â”â”â”â”â”â”â”â”â”[0m [1m0s[0m 0s/step - accuracy: 1.0000 - loss: 0.0083
[1m1/7[0m [32mâ”â”[0m[37mâ”â”â”â”â”â”â”â”â”â”â”â”â”â”â”â”â”â”[0m [1m0s[0m 31ms/step - accuracy: 1.0000 - loss: 0.0068
[1m7/7[0m [32mâ”â”â”â”â”â”â”â”â”â”â”â”â”â”â”â”â”â”â”â”[0m[37m[0m [1m0s[0m 3ms/step - accuracy: 0.9828 - loss: 0.0480 
Epoch 180/200

[1m2/7[0m [32mâ”â”â”â”â”[0m[37mâ”â”â”â”â”â”â”â”â”â”â”â”â”â”â”[0m [1m0s[0m 0s/step - accuracy: 1.0000 - loss: 0.0780
[1m1/7[0m [32mâ”â”[0m[37mâ”â”â”â”â”â”â”â”â”â”â”â”â”â”â”â”â”â”[0m [1m0s[0m 31ms/step - accuracy: 1.0000 - loss: 0.0780
[1m3/7[0m [32mâ”â”â”â”â”â”â”â”[0m[37mâ”â”â”â”â”â”â”â”â”â”â”â”[0m [1m0s[0m 8ms/step - accuracy: 1.0000 - loss: 0.0673 
[1m7/7[0m [32mâ”â”â”â”â”â”â”â”â”â”â”â”â”â”â”â”â”â”â”â”[0m[37m[0m [1m0s[0m 3ms/step - accuracy: 0.9828 - loss: 0.0697
Epoch 181/200

[1m1/7[0m [32mâ”â”[0m[37mâ”â”â”â”â”â”â”â”â”â”â”â”â”â”â”â”â”â”[0m [1m0s[0m 47ms/step - accuracy: 1.0000 - loss: 0.0172
[1m2/7[0m [32mâ”â”â”â”â”[0m[37mâ”â”â”â”â”â”â”â”â”â”â”â”â”â”â”[0m [1m0s[0m 0s/step - accuracy: 1.0000 - loss: 0.0187  
[1m7/7[0m [32mâ”â”â”â”â”â”â”â”â”â”â”â”â”â”â”â”â”â”â”â”[0m[37m[0m [1m0s[0m 0s/step - accuracy: 0.9765 - loss: 0.0471
Epoch 182/200

[1m1/7[0m [32mâ”â”[0m[37mâ”â”â”â”â”â”â”â”â”â”â”â”â”â”â”â”â”â”[0m [1m0s[0m 62ms/step - accuracy: 1.0000 - loss: 0.1754
[1m2/7[0m [32mâ”â”â”â”â”[0m[37mâ”â”â”â”â”â”â”â”â”â”â”â”â”â”â”[0m [1m0s[0m 0s/step - accuracy: 1.0000 - loss: 0.1432  
[1m7/7[0m [32mâ”â”â”â”â”â”â”â”â”â”â”â”â”â”â”â”â”â”â”â”[0m[37m[0m [1m0s[0m 3ms/step - accuracy: 0.9447 - loss: 0.1366
Epoch 183/200

[1m1/7[0m [32mâ”â”[0m[37mâ”â”â”â”â”â”â”â”â”â”â”â”â”â”â”â”â”â”[0m [1m0s[0m 60ms/step - accuracy: 1.0000 - loss: 0.0273
[1m2/7[0m [32mâ”â”â”â”â”[0m[37mâ”â”â”â”â”â”â”â”â”â”â”â”â”â”â”[0m [1m0s[0m 3ms/step - accuracy: 0.9500 - loss: 0.1231 
[1m7/7[0m [32mâ”â”â”â”â”â”â”â”â”â”â”â”â”â”â”â”â”â”â”â”[0m[37m[0m [1m0s[0m 3ms/step - accuracy: 0.9239 - loss: 0.1369
Epoch 184/200

[1m1/7[0m [32mâ”â”[0m[37mâ”â”â”â”â”â”â”â”â”â”â”â”â”â”â”â”â”â”[0m [1m0s[0m 40ms/step - accuracy: 1.0000 - loss: 0.0107
[1m2/7[0m [32mâ”â”â”â”â”[0m[37mâ”â”â”â”â”â”â”â”â”â”â”â”â”â”â”[0m [1m0s[0m 0s/step - accuracy: 1.0000 - loss: 0.0260  
[1m7/7[0m [32mâ”â”â”â”â”â”â”â”â”â”â”â”â”â”â”â”â”â”â”â”[0m[37m[0m [1m0s[0m 0s/step - accuracy: 0.9682 - loss: 0.0913
Epoch 185/200

[1m1/7[0m [32mâ”â”[0m[37mâ”â”â”â”â”â”â”â”â”â”â”â”â”â”â”â”â”â”[0m [1m0s[0m 31ms/step - accuracy: 1.0000 - loss: 6.8782e-04
[1m2/7[0m [32mâ”â”â”â”â”[0m[37mâ”â”â”â”â”â”â”â”â”â”â”â”â”â”â”[0m [1m0s[0m 0s/step - accuracy: 1.0000 - loss: 0.0679      
[1m7/7[0m [32mâ”â”â”â”â”â”â”â”â”â”â”â”â”â”â”â”â”â”â”â”[0m[37m[0m [1m0s[0m 3ms/step - accuracy: 0.9682 - loss: 0.0862
Epoch 186/200

[1m1/7[0m [32mâ”â”[0m[37mâ”â”â”â”â”â”â”â”â”â”â”â”â”â”â”â”â”â”[0m [1m0s[0m 31ms/step - accuracy: 1.0000 - loss: 0.0047
[1m2/7[0m [32mâ”â”â”â”â”[0m[37mâ”â”â”â”â”â”â”â”â”â”â”â”â”â”â”[0m [1m0s[0m 0s/step - accuracy: 1.0000 - loss: 0.0037  
[1m7/7[0m [32mâ”â”â”â”â”â”â”â”â”â”â”â”â”â”â”â”â”â”â”â”[0m[37m[0m [1m0s[0m 3ms/step - accuracy: 1.0000 - loss: 0.0240
Epoch 187/200

[1m1/7[0m [32mâ”â”[0m[37mâ”â”â”â”â”â”â”â”â”â”â”â”â”â”â”â”â”â”[0m [1m0s[0m 31ms/step - accuracy: 1.0000 - loss: 0.0024
[1m2/7[0m [32mâ”â”â”â”â”[0m[37mâ”â”â”â”â”â”â”â”â”â”â”â”â”â”â”[0m [1m0s[0m 0s/step - accuracy: 0.9500 - loss: 0.0730  
[1m7/7[0m [32mâ”â”â”â”â”â”â”â”â”â”â”â”â”â”â”â”â”â”â”â”[0m[37m[0m [1m0s[0m 3ms/step - accuracy: 0.9435 - loss: 0.0821
Epoch 188/200

[1m1/7[0m [32mâ”â”[0m[37mâ”â”â”â”â”â”â”â”â”â”â”â”â”â”â”â”â”â”[0m [1m0s[0m 55ms/step - accuracy: 1.0000 - loss: 0.0218
[1m2/7[0m [32mâ”â”â”â”â”[0m[37mâ”â”â”â”â”â”â”â”â”â”â”â”â”â”â”[0m [1m0s[0m 3ms/step - accuracy: 1.0000 - loss: 0.0309 
[1m3/7[0m [32mâ”â”â”â”â”â”â”â”[0m[37mâ”â”â”â”â”â”â”â”â”â”â”â”[0m [1m0s[0m 2ms/step - accuracy: 1.0000 - loss: 0.0270
[1m7/7[0m [32mâ”â”â”â”â”â”â”â”â”â”â”â”â”â”â”â”â”â”â”â”[0m[37m[0m [1m0s[0m 2ms/step - accuracy: 0.9862 - loss: 0.0468
Epoch 189/200

[1m1/7[0m [32mâ”â”[0m[37mâ”â”â”â”â”â”â”â”â”â”â”â”â”â”â”â”â”â”[0m [1m0s[0m 31ms/step - accuracy: 1.0000 - loss: 0.0191
[1m2/7[0m [32mâ”â”â”â”â”[0m[37mâ”â”â”â”â”â”â”â”â”â”â”â”â”â”â”[0m [1m0s[0m 0s/step - accuracy: 1.0000 - loss: 0.0191  
[1m7/7[0m [32mâ”â”â”â”â”â”â”â”â”â”â”â”â”â”â”â”â”â”â”â”[0m[37m[0m [1m0s[0m 3ms/step - accuracy: 0.9828 - loss: 0.0507
Epoch 190/200

[1m1/7[0m [32mâ”â”[0m[37mâ”â”â”â”â”â”â”â”â”â”â”â”â”â”â”â”â”â”[0m [1m0s[0m 31ms/step - accuracy: 1.0000 - loss: 6.2696e-04
[1m3/7[0m [32mâ”â”â”â”â”â”â”â”[0m[37mâ”â”â”â”â”â”â”â”â”â”â”â”[0m [1m0s[0m 0s/step - accuracy: 1.0000 - loss: 0.0075      
[1m2/7[0m [32mâ”â”â”â”â”[0m[37mâ”â”â”â”â”â”â”â”â”â”â”â”â”â”â”[0m [1m0s[0m 0s/step - accuracy: 1.0000 - loss: 0.0080
[1m7/7[0m [32mâ”â”â”â”â”â”â”â”â”â”â”â”â”â”â”â”â”â”â”â”[0m[37m[0m [1m0s[0m 5ms/step - accuracy: 0.9919 - loss: 0.0322
Epoch 191/200

[1m1/7[0m [32mâ”â”[0m[37mâ”â”â”â”â”â”â”â”â”â”â”â”â”â”â”â”â”â”[0m [1m0s[0m 38ms/step - accuracy: 1.0000 - loss: 0.0096
[1m2/7[0m [32mâ”â”â”â”â”[0m[37mâ”â”â”â”â”â”â”â”â”â”â”â”â”â”â”[0m [1m0s[0m 0s/step - accuracy: 1.0000 - loss: 0.0533  
[1m3/7[0m [32mâ”â”â”â”â”â”â”â”[0m[37mâ”â”â”â”â”â”â”â”â”â”â”â”[0m [1m0s[0m 0s/step - accuracy: 1.0000 - loss: 0.0650  
[1m7/7[0m [32mâ”â”â”â”â”â”â”â”â”â”â”â”â”â”â”â”â”â”â”â”[0m[37m[0m [1m0s[0m 0s/step - accuracy: 0.9765 - loss: 0.0689
Epoch 192/200

[1m1/7[0m [32mâ”â”[0m[37mâ”â”â”â”â”â”â”â”â”â”â”â”â”â”â”â”â”â”[0m [1m0s[0m 31ms/step - accuracy: 1.0000 - loss: 0.0031
[1m2/7[0m [32mâ”â”â”â”â”[0m[37mâ”â”â”â”â”â”â”â”â”â”â”â”â”â”â”[0m [1m0s[0m 0s/step - accuracy: 1.0000 - loss: 0.0138  
[1m3/7[0m [32mâ”â”â”â”â”â”â”â”[0m[37mâ”â”â”â”â”â”â”â”â”â”â”â”[0m [1m0s[0m 0s/step - accuracy: 1.0000 - loss: 0.0138  
[1m7/7[0m [32mâ”â”â”â”â”â”â”â”â”â”â”â”â”â”â”â”â”â”â”â”[0m[37m[0m [1m0s[0m 3ms/step - accuracy: 0.9797 - loss: 0.0594
Epoch 193/200

[1m1/7[0m [32mâ”â”[0m[37mâ”â”â”â”â”â”â”â”â”â”â”â”â”â”â”â”â”â”[0m [1m0s[0m 31ms/step - accuracy: 1.0000 - loss: 0.0063
[1m7/7[0m [32mâ”â”â”â”â”â”â”â”â”â”â”â”â”â”â”â”â”â”â”â”[0m[37m[0m [1m0s[0m 3ms/step - accuracy: 0.9765 - loss: 0.0949 
Epoch 194/200

[1m2/7[0m [32mâ”â”â”â”â”[0m[37mâ”â”â”â”â”â”â”â”â”â”â”â”â”â”â”[0m [1m0s[0m 0s/step - accuracy: 1.0000 - loss: 0.0433
[1m1/7[0m [32mâ”â”[0m[37mâ”â”â”â”â”â”â”â”â”â”â”â”â”â”â”â”â”â”[0m [1m0s[0m 31ms/step - accuracy: 1.0000 - loss: 0.0359
[1m4/7[0m [32mâ”â”â”â”â”â”â”â”â”â”â”[0m[37mâ”â”â”â”â”â”â”â”â”[0m [1m0s[0m 5ms/step - accuracy: 1.0000 - loss: 0.0750 
[1m3/7[0m [32mâ”â”â”â”â”â”â”â”[0m[37mâ”â”â”â”â”â”â”â”â”â”â”â”[0m [1m0s[0m 8ms/step - accuracy: 1.0000 - loss: 0.0750
[1m5/7[0m [32mâ”â”â”â”â”â”â”â”â”â”â”â”â”â”[0m[37mâ”â”â”â”â”â”[0m [1m0s[0m 4ms/step - accuracy: 0.9840 - loss: 0.1006
[1m7/7[0m [32mâ”â”â”â”â”â”â”â”â”â”â”â”â”â”â”â”â”â”â”â”[0m[37m[0m [1m0s[0m 3ms/step - accuracy: 0.9655 - loss: 0.1083
Epoch 195/200

[1m1/7[0m [32mâ”â”[0m[37mâ”â”â”â”â”â”â”â”â”â”â”â”â”â”â”â”â”â”[0m [1m0s[0m 47ms/step - accuracy: 1.0000 - loss: 0.0035
[1m3/7[0m [32mâ”â”â”â”â”â”â”â”[0m[37mâ”â”â”â”â”â”â”â”â”â”â”â”[0m [1m0s[0m 0s/step - accuracy: 0.9778 - loss: 0.0576  
[1m2/7[0m [32mâ”â”â”â”â”[0m[37mâ”â”â”â”â”â”â”â”â”â”â”â”â”â”â”[0m [1m0s[0m 0s/step - accuracy: 1.0000 - loss: 0.0576
[1m7/7[0m [32mâ”â”â”â”â”â”â”â”â”â”â”â”â”â”â”â”â”â”â”â”[0m[37m[0m [1m0s[0m 3ms/step - accuracy: 0.9682 - loss: 0.0796
Epoch 196/200

[1m1/7[0m [32mâ”â”[0m[37mâ”â”â”â”â”â”â”â”â”â”â”â”â”â”â”â”â”â”[0m [1m0s[0m 47ms/step - accuracy: 1.0000 - loss: 0.0167
[1m2/7[0m [32mâ”â”â”â”â”[0m[37mâ”â”â”â”â”â”â”â”â”â”â”â”â”â”â”[0m [1m0s[0m 16ms/step - accuracy: 1.0000 - loss: 0.0362
[1m7/7[0m [32mâ”â”â”â”â”â”â”â”â”â”â”â”â”â”â”â”â”â”â”â”[0m[37m[0m [1m0s[0m 3ms/step - accuracy: 0.9655 - loss: 0.0734 
Epoch 197/200

[1m1/7[0m [32mâ”â”[0m[37mâ”â”â”â”â”â”â”â”â”â”â”â”â”â”â”â”â”â”[0m [1m0s[0m 47ms/step - accuracy: 1.0000 - loss: 0.0264
[1m2/7[0m [32mâ”â”â”â”â”[0m[37mâ”â”â”â”â”â”â”â”â”â”â”â”â”â”â”[0m [1m0s[0m 0s/step - accuracy: 1.0000 - loss: 0.0219  
[1m7/7[0m [32mâ”â”â”â”â”â”â”â”â”â”â”â”â”â”â”â”â”â”â”â”[0m[37m[0m [1m0s[0m 3ms/step - accuracy: 0.9822 - loss: 0.0467
Epoch 198/200

[1m1/7[0m [32mâ”â”[0m[37mâ”â”â”â”â”â”â”â”â”â”â”â”â”â”â”â”â”â”[0m [1m0s[0m 63ms/step - accuracy: 1.0000 - loss: 0.1149
[1m2/7[0m [32mâ”â”â”â”â”[0m[37mâ”â”â”â”â”â”â”â”â”â”â”â”â”â”â”[0m [1m0s[0m 0s/step - accuracy: 1.0000 - loss: 0.1149  
[1m7/7[0m [32mâ”â”â”â”â”â”â”â”â”â”â”â”â”â”â”â”â”â”â”â”[0m[37m[0m [1m0s[0m 3ms/step - accuracy: 1.0000 - loss: 0.0677
Epoch 199/200

[1m1/7[0m [32mâ”â”[0m[37mâ”â”â”â”â”â”â”â”â”â”â”â”â”â”â”â”â”â”[0m [1m0s[0m 31ms/step - accuracy: 0.8000 - loss: 0.2029
[1m2/7[0m [32mâ”â”â”â”â”[0m[37mâ”â”â”â”â”â”â”â”â”â”â”â”â”â”â”[0m [1m0s[0m 0s/step - accuracy: 0.8000 - loss: 0.1796  
[1m7/7[0m [32mâ”â”â”â”â”â”â”â”â”â”â”â”â”â”â”â”â”â”â”â”[0m[37m[0m [1m0s[0m 3ms/step - accuracy: 0.8864 - loss: 0.1195
Epoch 200/200

[1m1/7[0m [32mâ”â”[0m[37mâ”â”â”â”â”â”â”â”â”â”â”â”â”â”â”â”â”â”[0m [1m0s[0m 58ms/step - accuracy: 1.0000 - loss: 0.0069
[1m2/7[0m [32mâ”â”â”â”â”[0m[37mâ”â”â”â”â”â”â”â”â”â”â”â”â”â”â”[0m [1m0s[0m 2ms/step - accuracy: 1.0000 - loss: 0.0069 
[1m3/7[0m [32mâ”â”â”â”â”â”â”â”[0m[37mâ”â”â”â”â”â”â”â”â”â”â”â”[0m [1m0s[0m 2ms/step - accuracy: 1.0000 - loss: 0.0142
[1m7/7[0m [32mâ”â”â”â”â”â”â”â”â”â”â”â”â”â”â”â”â”â”â”â”[0m[37m[0m [1m0s[0m 2ms/step - accuracy: 1.0000 - loss: 0.0267
Done
